{"/home/travis/build/npmtest/node-npmtest-cordova-plugin-inappbrowser/test.js":{"path":"/home/travis/build/npmtest/node-npmtest-cordova-plugin-inappbrowser/test.js","s":{"1":2,"2":2,"3":2,"4":2,"5":2,"6":2,"7":2,"8":1,"9":2,"10":2,"11":1,"12":1,"13":1,"14":1,"15":2,"16":2,"17":2,"18":2,"19":1,"20":1,"21":2,"22":2,"23":2,"24":1,"25":1,"26":1,"27":1,"28":1,"29":1,"30":1,"31":1,"32":1,"33":1,"34":1,"35":1,"36":1,"37":1,"38":1,"39":2,"40":2,"41":1,"42":2,"43":2,"44":1,"45":2,"46":2,"47":1,"48":2,"49":2,"50":1,"51":1,"52":1,"53":1,"54":1},"b":{"1":[2,1,1,1],"2":[1,1,1,1],"3":[1,1],"4":[1,1],"5":[1,1],"6":[1,1],"7":[1,1],"8":[1,1],"9":[1,1],"10":[1,1,1],"11":[1,1],"12":[1,1],"13":[1,1],"14":[1,1],"15":[1,1],"16":[1,1],"17":[1,1]},"f":{"1":2,"2":2,"3":2,"4":2,"5":2,"6":1,"7":1,"8":1,"9":2,"10":2,"11":2,"12":2,"13":1},"fnMap":{"1":{"name":"(anonymous_1)","line":12,"loc":{"start":{"line":12,"column":1},"end":{"line":12,"column":13}}},"2":{"name":"(anonymous_2)","line":19,"loc":{"start":{"line":19,"column":5},"end":{"line":19,"column":17}}},"3":{"name":"(anonymous_3)","line":23,"loc":{"start":{"line":23,"column":24},"end":{"line":23,"column":36}}},"4":{"name":"(anonymous_4)","line":61,"loc":{"start":{"line":61,"column":5},"end":{"line":61,"column":17}}},"5":{"name":"(anonymous_5)","line":82,"loc":{"start":{"line":82,"column":5},"end":{"line":82,"column":17}}},"6":{"name":"(anonymous_6)","line":91,"loc":{"start":{"line":91,"column":77},"end":{"line":94,"column":10}}},"7":{"name":"(anonymous_7)","line":112,"loc":{"start":{"line":112,"column":83},"end":{"line":115,"column":10}},"skip":true},"8":{"name":"(anonymous_8)","line":123,"loc":{"start":{"line":123,"column":77},"end":{"line":126,"column":10}},"skip":true},"9":{"name":"(anonymous_9)","line":139,"loc":{"start":{"line":139,"column":12},"end":{"line":139,"column":40}},"skip":true},"10":{"name":"(anonymous_10)","line":147,"loc":{"start":{"line":147,"column":77},"end":{"line":150,"column":10}},"skip":true},"11":{"name":"(anonymous_11)","line":158,"loc":{"start":{"line":158,"column":83},"end":{"line":161,"column":10}},"skip":true},"12":{"name":"(anonymous_12)","line":169,"loc":{"start":{"line":169,"column":79},"end":{"line":172,"column":10}},"skip":true},"13":{"name":"(anonymous_13)","line":180,"loc":{"start":{"line":180,"column":75},"end":{"line":183,"column":10}},"skip":true}},"statementMap":{"1":{"start":{"line":12,"column":0},"end":{"line":195,"column":5}},"2":{"start":{"line":14,"column":4},"end":{"line":14,"column":14}},"3":{"start":{"line":19,"column":4},"end":{"line":56,"column":9}},"4":{"start":{"line":21,"column":8},"end":{"line":21,"column":19}},"5":{"start":{"line":23,"column":8},"end":{"line":35,"column":13}},"6":{"start":{"line":24,"column":12},"end":{"line":34,"column":13}},"7":{"start":{"line":25,"column":16},"end":{"line":28,"column":30}},"8":{"start":{"line":30,"column":16},"end":{"line":33,"column":27}},"9":{"start":{"line":37,"column":8},"end":{"line":39,"column":21}},"10":{"start":{"line":40,"column":8},"end":{"line":53,"column":9}},"11":{"start":{"line":43,"column":12},"end":{"line":46,"column":14}},"12":{"start":{"line":47,"column":12},"end":{"line":47,"column":18}},"13":{"start":{"line":50,"column":12},"end":{"line":51,"column":33}},"14":{"start":{"line":52,"column":12},"end":{"line":52,"column":18}},"15":{"start":{"line":55,"column":8},"end":{"line":55,"column":35}},"16":{"start":{"line":61,"column":4},"end":{"line":63,"column":9}},"17":{"start":{"line":62,"column":8},"end":{"line":62,"column":15}},"18":{"start":{"line":64,"column":4},"end":{"line":77,"column":5}},"19":{"start":{"line":70,"column":8},"end":{"line":70,"column":14}},"20":{"start":{"line":76,"column":8},"end":{"line":76,"column":14}},"21":{"start":{"line":82,"column":4},"end":{"line":84,"column":9}},"22":{"start":{"line":83,"column":8},"end":{"line":83,"column":15}},"23":{"start":{"line":85,"column":4},"end":{"line":194,"column":5}},"24":{"start":{"line":91,"column":8},"end":{"line":99,"column":10}},"25":{"start":{"line":98,"column":12},"end":{"line":98,"column":35}},"26":{"start":{"line":102,"column":8},"end":{"line":104,"column":63}},"27":{"start":{"line":105,"column":8},"end":{"line":105,"column":14}},"28":{"start":{"line":112,"column":8},"end":{"line":121,"column":10},"skip":true},"29":{"start":{"line":119,"column":12},"end":{"line":119,"column":55},"skip":true},"30":{"start":{"line":120,"column":12},"end":{"line":120,"column":48},"skip":true},"31":{"start":{"line":123,"column":8},"end":{"line":136,"column":10},"skip":true},"32":{"start":{"line":130,"column":12},"end":{"line":130,"column":76},"skip":true},"33":{"start":{"line":131,"column":12},"end":{"line":131,"column":73},"skip":true},"34":{"start":{"line":132,"column":12},"end":{"line":132,"column":74},"skip":true},"35":{"start":{"line":133,"column":12},"end":{"line":133,"column":79},"skip":true},"36":{"start":{"line":134,"column":12},"end":{"line":134,"column":25},"skip":true},"37":{"start":{"line":135,"column":12},"end":{"line":135,"column":45},"skip":true},"38":{"start":{"line":138,"column":8},"end":{"line":145,"column":14},"skip":true},"39":{"start":{"line":143,"column":16},"end":{"line":143,"column":29},"skip":true},"40":{"start":{"line":144,"column":16},"end":{"line":144,"column":55},"skip":true},"41":{"start":{"line":147,"column":8},"end":{"line":156,"column":10},"skip":true},"42":{"start":{"line":154,"column":12},"end":{"line":154,"column":25},"skip":true},"43":{"start":{"line":155,"column":12},"end":{"line":155,"column":45},"skip":true},"44":{"start":{"line":158,"column":8},"end":{"line":167,"column":10},"skip":true},"45":{"start":{"line":165,"column":12},"end":{"line":165,"column":25},"skip":true},"46":{"start":{"line":166,"column":12},"end":{"line":166,"column":48},"skip":true},"47":{"start":{"line":169,"column":8},"end":{"line":178,"column":10},"skip":true},"48":{"start":{"line":176,"column":12},"end":{"line":176,"column":25},"skip":true},"49":{"start":{"line":177,"column":12},"end":{"line":177,"column":46},"skip":true},"50":{"start":{"line":180,"column":8},"end":{"line":189,"column":10},"skip":true},"51":{"start":{"line":187,"column":12},"end":{"line":187,"column":94},"skip":true},"52":{"start":{"line":188,"column":12},"end":{"line":188,"column":48},"skip":true},"53":{"start":{"line":192,"column":8},"end":{"line":192,"column":35},"skip":true},"54":{"start":{"line":193,"column":8},"end":{"line":193,"column":14},"skip":true}},"branchMap":{"1":{"line":25,"type":"binary-expr","locations":[{"start":{"line":25,"column":23},"end":{"line":25,"column":62}},{"start":{"line":26,"column":20},"end":{"line":26,"column":70}},{"start":{"line":27,"column":20},"end":{"line":27,"column":71}},{"start":{"line":28,"column":20},"end":{"line":28,"column":29}}]},"2":{"line":30,"type":"binary-expr","locations":[{"start":{"line":30,"column":23},"end":{"line":30,"column":37}},{"start":{"line":31,"column":20},"end":{"line":31,"column":61}},{"start":{"line":32,"column":20},"end":{"line":32,"column":70}},{"start":{"line":33,"column":20},"end":{"line":33,"column":26}}]},"3":{"line":37,"type":"cond-expr","locations":[{"start":{"line":38,"column":14},"end":{"line":38,"column":20}},{"start":{"line":39,"column":14},"end":{"line":39,"column":20}}]},"4":{"line":40,"type":"switch","locations":[{"start":{"line":42,"column":8},"end":{"line":47,"column":18}},{"start":{"line":49,"column":8},"end":{"line":52,"column":18}}]},"5":{"line":44,"type":"binary-expr","locations":[{"start":{"line":44,"column":16},"end":{"line":44,"column":44}},{"start":{"line":44,"column":48},"end":{"line":44,"column":66}}]},"6":{"line":50,"type":"binary-expr","locations":[{"start":{"line":50,"column":21},"end":{"line":50,"column":49}},{"start":{"line":50,"column":53},"end":{"line":50,"column":72}}]},"7":{"line":64,"type":"switch","locations":[{"start":{"line":69,"column":4},"end":{"line":70,"column":14}},{"start":{"line":75,"column":4},"end":{"line":76,"column":14}}]},"8":{"line":85,"type":"switch","locations":[{"start":{"line":90,"column":4},"end":{"line":105,"column":14}},{"start":{"line":111,"column":4},"end":{"line":193,"column":14},"skip":true}]},"9":{"line":91,"type":"binary-expr","locations":[{"start":{"line":91,"column":42},"end":{"line":91,"column":73}},{"start":{"line":91,"column":77},"end":{"line":99,"column":9}}]},"10":{"line":102,"type":"binary-expr","locations":[{"start":{"line":102,"column":18},"end":{"line":102,"column":32}},{"start":{"line":103,"column":12},"end":{"line":103,"column":53}},{"start":{"line":104,"column":12},"end":{"line":104,"column":61}}]},"11":{"line":112,"type":"binary-expr","locations":[{"start":{"line":112,"column":45},"end":{"line":112,"column":79},"skip":true},{"start":{"line":112,"column":83},"end":{"line":121,"column":9},"skip":true}]},"12":{"line":123,"type":"binary-expr","locations":[{"start":{"line":123,"column":42},"end":{"line":123,"column":73},"skip":true},{"start":{"line":123,"column":77},"end":{"line":136,"column":9},"skip":true}]},"13":{"line":138,"type":"binary-expr","locations":[{"start":{"line":138,"column":48},"end":{"line":138,"column":85},"skip":true},{"start":{"line":139,"column":12},"end":{"line":145,"column":13},"skip":true}]},"14":{"line":147,"type":"binary-expr","locations":[{"start":{"line":147,"column":42},"end":{"line":147,"column":73},"skip":true},{"start":{"line":147,"column":77},"end":{"line":156,"column":9},"skip":true}]},"15":{"line":158,"type":"binary-expr","locations":[{"start":{"line":158,"column":45},"end":{"line":158,"column":79},"skip":true},{"start":{"line":158,"column":83},"end":{"line":167,"column":9},"skip":true}]},"16":{"line":169,"type":"binary-expr","locations":[{"start":{"line":169,"column":43},"end":{"line":169,"column":75},"skip":true},{"start":{"line":169,"column":79},"end":{"line":178,"column":9},"skip":true}]},"17":{"line":180,"type":"binary-expr","locations":[{"start":{"line":180,"column":41},"end":{"line":180,"column":71},"skip":true},{"start":{"line":180,"column":75},"end":{"line":189,"column":9},"skip":true}]}},"code":["/* istanbul instrument in package npmtest_cordova_plugin_inappbrowser */","/*jslint","    bitwise: true,","    browser: true,","    maxerr: 8,","    maxlen: 96,","    node: true,","    nomen: true,","    regexp: true,","    stupid: true","*/","(function () {","    'use strict';","    var local;","","","","    // run shared js-env code - init-before","    (function () {","        // init local","        local = {};","        // init modeJs","        local.modeJs = (function () {","            try {","                return typeof navigator.userAgent === 'string' &&","                    typeof document.querySelector('body') === 'object' &&","                    typeof XMLHttpRequest.prototype.open === 'function' &&","                    'browser';","            } catch (errorCaughtBrowser) {","                return module.exports &&","                    typeof process.versions.node === 'string' &&","                    typeof require('http').createServer === 'function' &&","                    'node';","            }","        }());","        // init global","        local.global = local.modeJs === 'browser'","            ? window","            : global;","        switch (local.modeJs) {","        // re-init local from window.local","        case 'browser':","            local = local.global.utility2.objectSetDefault(","                local.global.utility2_rollup || local.global.local,","                local.global.utility2","            );","            break;","        // re-init local from example.js","        case 'node':","            local = (local.global.utility2_rollup || require('utility2'))","                .requireReadme();","            break;","        }","        // export local","        local.global.local = local;","    }());","","","","    // run shared js-env code - function","    (function () {","        return;","    }());","    switch (local.modeJs) {","","","","    // run browser js-env code - function","    case 'browser':","        break;","","","","    // run node js-env code - function","    case 'node':","        break;","    }","","","","    // run shared js-env code - init-after","    (function () {","        return;","    }());","    switch (local.modeJs) {","","","","    // run browser js-env code - init-after","    case 'browser':","        local.testCase_browser_nullCase = local.testCase_browser_nullCase || function (","            options,","            onError","        ) {","        /*","         * this function will test browsers's null-case handling-behavior-behavior","         */","            onError(null, options);","        };","","        // run tests","        local.nop(local.modeTest &&","            document.querySelector('#testRunButton1') &&","            document.querySelector('#testRunButton1').click());","        break;","","","","    // run node js-env code - init-after","    /* istanbul ignore next */","    case 'node':","        local.testCase_buildApidoc_default = local.testCase_buildApidoc_default || function (","            options,","            onError","        ) {","        /*","         * this function will test buildApidoc's default handling-behavior-behavior","         */","            options = { modulePathList: module.paths };","            local.buildApidoc(options, onError);","        };","","        local.testCase_buildApp_default = local.testCase_buildApp_default || function (","            options,","            onError","        ) {","        /*","         * this function will test buildApp's default handling-behavior-behavior","         */","            local.testCase_buildReadme_default(options, local.onErrorThrow);","            local.testCase_buildLib_default(options, local.onErrorThrow);","            local.testCase_buildTest_default(options, local.onErrorThrow);","            local.testCase_buildCustomOrg_default(options, local.onErrorThrow);","            options = [];","            local.buildApp(options, onError);","        };","","        local.testCase_buildCustomOrg_default = local.testCase_buildCustomOrg_default ||","            function (options, onError) {","            /*","             * this function will test buildCustomOrg's default handling-behavior","             */","                options = {};","                local.buildCustomOrg(options, onError);","            };","","        local.testCase_buildLib_default = local.testCase_buildLib_default || function (","            options,","            onError","        ) {","        /*","         * this function will test buildLib's default handling-behavior","         */","            options = {};","            local.buildLib(options, onError);","        };","","        local.testCase_buildReadme_default = local.testCase_buildReadme_default || function (","            options,","            onError","        ) {","        /*","         * this function will test buildReadme's default handling-behavior-behavior","         */","            options = {};","            local.buildReadme(options, onError);","        };","","        local.testCase_buildTest_default = local.testCase_buildTest_default || function (","            options,","            onError","        ) {","        /*","         * this function will test buildTest's default handling-behavior","         */","            options = {};","            local.buildTest(options, onError);","        };","","        local.testCase_webpage_default = local.testCase_webpage_default || function (","            options,","            onError","        ) {","        /*","         * this function will test webpage's default handling-behavior","         */","            options = { modeCoverageMerge: true, url: local.serverLocalHost + '?modeTest=1' };","            local.browserTest(options, onError);","        };","","        // run test-server","        local.testRunServer(local);","        break;","    }","}());",""],"l":{"12":2,"14":2,"19":2,"21":2,"23":2,"24":2,"25":2,"30":1,"37":2,"40":2,"43":1,"47":1,"50":1,"52":1,"55":2,"61":2,"62":2,"64":2,"70":1,"76":1,"82":2,"83":2,"85":2,"91":1,"98":1,"102":1,"105":1,"112":1,"119":1,"120":1,"123":1,"130":1,"131":1,"132":1,"133":1,"134":1,"135":1,"138":1,"143":2,"144":2,"147":1,"154":2,"155":2,"158":1,"165":2,"166":2,"169":1,"176":2,"177":2,"180":1,"187":1,"188":1,"192":1,"193":1}},"/home/travis/build/npmtest/node-npmtest-cordova-plugin-inappbrowser/lib.npmtest_cordova_plugin_inappbrowser.js":{"path":"/home/travis/build/npmtest/node-npmtest-cordova-plugin-inappbrowser/lib.npmtest_cordova_plugin_inappbrowser.js","s":{"1":2,"2":2,"3":2,"4":2,"5":2,"6":2,"7":2,"8":1,"9":2,"10":2,"11":2,"12":2,"13":1,"14":1,"15":1,"16":1},"b":{"1":[2,1,1,1],"2":[1,1,1,1],"3":[1,1],"4":[2,2],"5":[1,1]},"f":{"1":2,"2":2,"3":2},"fnMap":{"1":{"name":"(anonymous_1)","line":12,"loc":{"start":{"line":12,"column":1},"end":{"line":12,"column":13}}},"2":{"name":"(anonymous_2)","line":19,"loc":{"start":{"line":19,"column":5},"end":{"line":19,"column":17}}},"3":{"name":"(anonymous_3)","line":23,"loc":{"start":{"line":23,"column":24},"end":{"line":23,"column":36}}}},"statementMap":{"1":{"start":{"line":12,"column":0},"end":{"line":53,"column":5}},"2":{"start":{"line":14,"column":4},"end":{"line":14,"column":14}},"3":{"start":{"line":19,"column":4},"end":{"line":52,"column":9}},"4":{"start":{"line":21,"column":8},"end":{"line":21,"column":19}},"5":{"start":{"line":23,"column":8},"end":{"line":35,"column":13}},"6":{"start":{"line":24,"column":12},"end":{"line":34,"column":13}},"7":{"start":{"line":25,"column":16},"end":{"line":28,"column":30}},"8":{"start":{"line":30,"column":16},"end":{"line":33,"column":27}},"9":{"start":{"line":37,"column":8},"end":{"line":39,"column":21}},"10":{"start":{"line":41,"column":8},"end":{"line":41,"column":54}},"11":{"start":{"line":43,"column":8},"end":{"line":43,"column":72}},"12":{"start":{"line":45,"column":8},"end":{"line":51,"column":9}},"13":{"start":{"line":46,"column":12},"end":{"line":46,"column":78}},"14":{"start":{"line":48,"column":12},"end":{"line":48,"column":35}},"15":{"start":{"line":49,"column":12},"end":{"line":49,"column":49}},"16":{"start":{"line":50,"column":12},"end":{"line":50,"column":43}}},"branchMap":{"1":{"line":25,"type":"binary-expr","locations":[{"start":{"line":25,"column":23},"end":{"line":25,"column":62}},{"start":{"line":26,"column":20},"end":{"line":26,"column":70}},{"start":{"line":27,"column":20},"end":{"line":27,"column":71}},{"start":{"line":28,"column":20},"end":{"line":28,"column":29}}]},"2":{"line":30,"type":"binary-expr","locations":[{"start":{"line":30,"column":23},"end":{"line":30,"column":37}},{"start":{"line":31,"column":20},"end":{"line":31,"column":61}},{"start":{"line":32,"column":20},"end":{"line":32,"column":70}},{"start":{"line":33,"column":20},"end":{"line":33,"column":26}}]},"3":{"line":37,"type":"cond-expr","locations":[{"start":{"line":38,"column":14},"end":{"line":38,"column":20}},{"start":{"line":39,"column":14},"end":{"line":39,"column":20}}]},"4":{"line":41,"type":"binary-expr","locations":[{"start":{"line":41,"column":16},"end":{"line":41,"column":44}},{"start":{"line":41,"column":48},"end":{"line":41,"column":53}}]},"5":{"line":45,"type":"if","locations":[{"start":{"line":45,"column":8},"end":{"line":45,"column":8}},{"start":{"line":45,"column":8},"end":{"line":45,"column":8}}]}},"code":["/* istanbul instrument in package npmtest_cordova_plugin_inappbrowser */","/*jslint","    bitwise: true,","    browser: true,","    maxerr: 8,","    maxlen: 96,","    node: true,","    nomen: true,","    regexp: true,","    stupid: true","*/","(function () {","    'use strict';","    var local;","","","","    // run shared js-env code - init-before","    (function () {","        // init local","        local = {};","        // init modeJs","        local.modeJs = (function () {","            try {","                return typeof navigator.userAgent === 'string' &&","                    typeof document.querySelector('body') === 'object' &&","                    typeof XMLHttpRequest.prototype.open === 'function' &&","                    'browser';","            } catch (errorCaughtBrowser) {","                return module.exports &&","                    typeof process.versions.node === 'string' &&","                    typeof require('http').createServer === 'function' &&","                    'node';","            }","        }());","        // init global","        local.global = local.modeJs === 'browser'","            ? window","            : global;","        // init utility2_rollup","        local = local.global.utility2_rollup || local;","        // init lib","        local.local = local.npmtest_cordova_plugin_inappbrowser = local;","        // init exports","        if (local.modeJs === 'browser') {","            local.global.utility2_npmtest_cordova_plugin_inappbrowser = local;","        } else {","            module.exports = local;","            module.exports.__dirname = __dirname;","            module.exports.module = module;","        }","    }());","}());",""],"l":{"12":2,"14":2,"19":2,"21":2,"23":2,"24":2,"25":2,"30":1,"37":2,"41":2,"43":2,"45":2,"46":1,"48":1,"49":1,"50":1}},"/home/travis/build/npmtest/node-npmtest-cordova-plugin-inappbrowser/example.js":{"path":"/home/travis/build/npmtest/node-npmtest-cordova-plugin-inappbrowser/example.js","s":{"1":2,"2":2,"3":2,"4":2,"5":2,"6":2,"7":2,"8":1,"9":2,"10":2,"11":2,"12":2,"13":1,"14":2,"15":2,"16":2,"17":2,"18":2,"19":0,"20":2,"21":1,"22":1,"23":1,"24":1,"25":1,"26":0,"27":0,"28":1,"29":1,"30":2,"31":0,"32":0,"33":0,"34":1,"35":2,"36":2,"37":3,"38":3,"39":3,"40":3,"41":0,"42":3,"43":3,"44":3,"45":1,"46":3,"47":1,"48":1,"49":1,"50":1,"51":1,"52":1,"53":1,"54":1,"55":1,"56":1,"57":0,"58":1,"59":6,"60":6,"61":1,"62":2,"63":0,"64":2,"65":1,"66":1,"67":0,"68":0,"69":0,"70":0,"71":0,"72":0,"73":0,"74":0,"75":0,"76":0,"77":0,"78":0,"79":0,"80":0,"81":0,"82":0,"83":0},"b":{"1":[2,1,1,1],"2":[1,1,1,1],"3":[1,1],"4":[2,2],"5":[1,1],"6":[1,1],"7":[2,0],"8":[2,1,1,1,1,1],"9":[0,2,0],"10":[1,1],"11":[2,1,1],"12":[1,0],"13":[0,2],"14":[2,0,0,0,0,0,0],"15":[0,3],"16":[3,0],"17":[1,1],"18":[0,1],"19":[1,2,0,2],"20":[1,0],"21":[1,1],"22":[0,0],"23":[0,0],"24":[0,0],"25":[0,0],"26":[0,0],"27":[0,0],"28":[0,0]},"f":{"1":2,"2":2,"3":2,"4":2,"5":2,"6":2,"7":3,"8":3,"9":3,"10":1,"11":6,"12":0},"fnMap":{"1":{"name":"(anonymous_1)","line":26,"loc":{"start":{"line":26,"column":1},"end":{"line":26,"column":13}}},"2":{"name":"(anonymous_2)","line":33,"loc":{"start":{"line":33,"column":5},"end":{"line":33,"column":17}}},"3":{"name":"(anonymous_3)","line":37,"loc":{"start":{"line":37,"column":24},"end":{"line":37,"column":36}}},"4":{"name":"(anonymous_4)","line":69,"loc":{"start":{"line":69,"column":31},"end":{"line":69,"column":48}},"skip":true},"5":{"name":"(anonymous_5)","line":78,"loc":{"start":{"line":78,"column":26},"end":{"line":78,"column":45}},"skip":true},"6":{"name":"(anonymous_6)","line":123,"loc":{"start":{"line":123,"column":33},"end":{"line":123,"column":48}},"skip":true},"7":{"name":"(anonymous_7)","line":125,"loc":{"start":{"line":125,"column":27},"end":{"line":125,"column":39}},"skip":true},"8":{"name":"(anonymous_8)","line":133,"loc":{"start":{"line":133,"column":59},"end":{"line":133,"column":74}},"skip":true},"9":{"name":"(anonymous_9)","line":143,"loc":{"start":{"line":143,"column":45},"end":{"line":143,"column":62}},"skip":true},"10":{"name":"(anonymous_10)","line":144,"loc":{"start":{"line":144,"column":73},"end":{"line":144,"column":92}},"skip":true},"11":{"name":"(anonymous_11)","line":272,"loc":{"start":{"line":272,"column":51},"end":{"line":272,"column":77}},"skip":true},"12":{"name":"(anonymous_12)","line":315,"loc":{"start":{"line":315,"column":32},"end":{"line":315,"column":61}},"skip":true}},"statementMap":{"1":{"start":{"line":26,"column":0},"end":{"line":326,"column":5}},"2":{"start":{"line":28,"column":4},"end":{"line":28,"column":14}},"3":{"start":{"line":33,"column":4},"end":{"line":60,"column":9}},"4":{"start":{"line":35,"column":8},"end":{"line":35,"column":19}},"5":{"start":{"line":37,"column":8},"end":{"line":49,"column":13}},"6":{"start":{"line":38,"column":12},"end":{"line":48,"column":13}},"7":{"start":{"line":39,"column":16},"end":{"line":42,"column":30}},"8":{"start":{"line":44,"column":16},"end":{"line":47,"column":27}},"9":{"start":{"line":51,"column":8},"end":{"line":53,"column":21}},"10":{"start":{"line":55,"column":8},"end":{"line":57,"column":45}},"11":{"start":{"line":59,"column":8},"end":{"line":59,"column":35}},"12":{"start":{"line":61,"column":4},"end":{"line":325,"column":5}},"13":{"start":{"line":69,"column":8},"end":{"line":121,"column":10},"skip":true},"14":{"start":{"line":70,"column":12},"end":{"line":88,"column":13},"skip":true},"15":{"start":{"line":76,"column":16},"end":{"line":87,"column":19},"skip":true},"16":{"start":{"line":79,"column":20},"end":{"line":86,"column":21},"skip":true},"17":{"start":{"line":82,"column":24},"end":{"line":82,"column":43},"skip":true},"18":{"start":{"line":83,"column":24},"end":{"line":83,"column":30},"skip":true},"19":{"start":{"line":85,"column":24},"end":{"line":85,"column":49},"skip":true},"20":{"start":{"line":89,"column":12},"end":{"line":107,"column":13},"skip":true},"21":{"start":{"line":92,"column":16},"end":{"line":102,"column":17},"skip":true},"22":{"start":{"line":93,"column":20},"end":{"line":93,"column":86},"skip":true},"23":{"start":{"line":94,"column":20},"end":{"line":95,"column":45},"skip":true},"24":{"start":{"line":96,"column":20},"end":{"line":96,"column":42},"skip":true},"25":{"start":{"line":97,"column":20},"end":{"line":97,"column":48},"skip":true},"26":{"start":{"line":100,"column":20},"end":{"line":100,"column":85},"skip":true},"27":{"start":{"line":101,"column":20},"end":{"line":101,"column":96},"skip":true},"28":{"start":{"line":103,"column":16},"end":{"line":103,"column":22},"skip":true},"29":{"start":{"line":106,"column":16},"end":{"line":106,"column":22},"skip":true},"30":{"start":{"line":108,"column":12},"end":{"line":120,"column":13},"skip":true},"31":{"start":{"line":114,"column":16},"end":{"line":119,"column":17},"skip":true},"32":{"start":{"line":116,"column":20},"end":{"line":116,"column":78},"skip":true},"33":{"start":{"line":118,"column":20},"end":{"line":118,"column":47},"skip":true},"34":{"start":{"line":123,"column":8},"end":{"line":141,"column":11},"skip":true},"35":{"start":{"line":124,"column":12},"end":{"line":124,"column":54},"skip":true},"36":{"start":{"line":125,"column":12},"end":{"line":140,"column":14},"skip":true},"37":{"start":{"line":126,"column":16},"end":{"line":126,"column":28},"skip":true},"38":{"start":{"line":127,"column":16},"end":{"line":127,"column":69},"skip":true},"39":{"start":{"line":128,"column":16},"end":{"line":128,"column":75},"skip":true},"40":{"start":{"line":129,"column":16},"end":{"line":131,"column":17},"skip":true},"41":{"start":{"line":130,"column":20},"end":{"line":130,"column":27},"skip":true},"42":{"start":{"line":133,"column":16},"end":{"line":137,"column":36},"skip":true},"43":{"start":{"line":134,"column":20},"end":{"line":136,"column":55},"skip":true},"44":{"start":{"line":139,"column":16},"end":{"line":139,"column":57},"skip":true},"45":{"start":{"line":143,"column":8},"end":{"line":147,"column":11},"skip":true},"46":{"start":{"line":144,"column":12},"end":{"line":146,"column":15},"skip":true},"47":{"start":{"line":145,"column":16},"end":{"line":145,"column":70},"skip":true},"48":{"start":{"line":149,"column":8},"end":{"line":149,"column":31},"skip":true},"49":{"start":{"line":150,"column":8},"end":{"line":150,"column":14},"skip":true},"50":{"start":{"line":158,"column":8},"end":{"line":158,"column":31},"skip":true},"51":{"start":{"line":160,"column":8},"end":{"line":160,"column":33},"skip":true},"52":{"start":{"line":161,"column":8},"end":{"line":161,"column":37},"skip":true},"53":{"start":{"line":162,"column":8},"end":{"line":162,"column":35},"skip":true},"54":{"start":{"line":164,"column":8},"end":{"line":164,"column":50},"skip":true},"55":{"start":{"line":166,"column":8},"end":{"line":256,"column":2},"skip":true},"56":{"start":{"line":258,"column":8},"end":{"line":286,"column":9},"skip":true},"57":{"start":{"line":259,"column":12},"end":{"line":269,"column":14},"skip":true},"58":{"start":{"line":271,"column":12},"end":{"line":285,"column":19},"skip":true},"59":{"start":{"line":274,"column":20},"end":{"line":274,"column":35},"skip":true},"60":{"start":{"line":275,"column":20},"end":{"line":284,"column":21},"skip":true},"61":{"start":{"line":277,"column":24},"end":{"line":277,"column":64},"skip":true},"62":{"start":{"line":279,"column":24},"end":{"line":279,"column":40},"skip":true},"63":{"start":{"line":281,"column":24},"end":{"line":281,"column":40},"skip":true},"64":{"start":{"line":283,"column":24},"end":{"line":283,"column":39},"skip":true},"65":{"start":{"line":288,"column":8},"end":{"line":290,"column":9},"skip":true},"66":{"start":{"line":289,"column":12},"end":{"line":289,"column":18},"skip":true},"67":{"start":{"line":291,"column":8},"end":{"line":293,"column":54},"skip":true},"68":{"start":{"line":296,"column":8},"end":{"line":301,"column":37},"skip":true},"69":{"start":{"line":303,"column":8},"end":{"line":303,"column":82},"skip":true},"70":{"start":{"line":306,"column":8},"end":{"line":308,"column":9},"skip":true},"71":{"start":{"line":307,"column":12},"end":{"line":307,"column":82},"skip":true},"72":{"start":{"line":310,"column":8},"end":{"line":312,"column":9},"skip":true},"73":{"start":{"line":311,"column":12},"end":{"line":311,"column":18},"skip":true},"74":{"start":{"line":313,"column":8},"end":{"line":313,"column":54},"skip":true},"75":{"start":{"line":314,"column":8},"end":{"line":314,"column":69},"skip":true},"76":{"start":{"line":315,"column":8},"end":{"line":323,"column":36},"skip":true},"77":{"start":{"line":316,"column":12},"end":{"line":316,"column":61},"skip":true},"78":{"start":{"line":317,"column":12},"end":{"line":320,"column":13},"skip":true},"79":{"start":{"line":318,"column":16},"end":{"line":318,"column":75},"skip":true},"80":{"start":{"line":319,"column":16},"end":{"line":319,"column":23},"skip":true},"81":{"start":{"line":321,"column":12},"end":{"line":321,"column":38},"skip":true},"82":{"start":{"line":322,"column":12},"end":{"line":322,"column":27},"skip":true},"83":{"start":{"line":324,"column":8},"end":{"line":324,"column":14},"skip":true}},"branchMap":{"1":{"line":39,"type":"binary-expr","locations":[{"start":{"line":39,"column":23},"end":{"line":39,"column":62}},{"start":{"line":40,"column":20},"end":{"line":40,"column":70}},{"start":{"line":41,"column":20},"end":{"line":41,"column":71}},{"start":{"line":42,"column":20},"end":{"line":42,"column":29}}]},"2":{"line":44,"type":"binary-expr","locations":[{"start":{"line":44,"column":23},"end":{"line":44,"column":37}},{"start":{"line":45,"column":20},"end":{"line":45,"column":61}},{"start":{"line":46,"column":20},"end":{"line":46,"column":70}},{"start":{"line":47,"column":20},"end":{"line":47,"column":26}}]},"3":{"line":51,"type":"cond-expr","locations":[{"start":{"line":52,"column":14},"end":{"line":52,"column":20}},{"start":{"line":53,"column":14},"end":{"line":53,"column":20}}]},"4":{"line":55,"type":"binary-expr","locations":[{"start":{"line":55,"column":16},"end":{"line":55,"column":44}},{"start":{"line":55,"column":49},"end":{"line":57,"column":43}}]},"5":{"line":55,"type":"cond-expr","locations":[{"start":{"line":56,"column":14},"end":{"line":56,"column":71}},{"start":{"line":57,"column":14},"end":{"line":57,"column":43}}]},"6":{"line":61,"type":"switch","locations":[{"start":{"line":68,"column":4},"end":{"line":150,"column":14},"skip":true},{"start":{"line":156,"column":4},"end":{"line":324,"column":14},"skip":true}]},"7":{"line":70,"type":"if","locations":[{"start":{"line":70,"column":12},"end":{"line":70,"column":12},"skip":true},{"start":{"line":70,"column":12},"end":{"line":70,"column":12},"skip":true}]},"8":{"line":70,"type":"binary-expr","locations":[{"start":{"line":70,"column":16},"end":{"line":70,"column":22},"skip":true},{"start":{"line":70,"column":27},"end":{"line":70,"column":32},"skip":true},{"start":{"line":71,"column":20},"end":{"line":71,"column":39},"skip":true},{"start":{"line":72,"column":20},"end":{"line":72,"column":49},"skip":true},{"start":{"line":73,"column":20},"end":{"line":73,"column":58},"skip":true},{"start":{"line":74,"column":20},"end":{"line":74,"column":69},"skip":true}]},"9":{"line":79,"type":"switch","locations":[{"start":{"line":80,"column":20},"end":{"line":80,"column":33},"skip":true},{"start":{"line":81,"column":20},"end":{"line":83,"column":30},"skip":true},{"start":{"line":84,"column":20},"end":{"line":85,"column":49},"skip":true}]},"10":{"line":89,"type":"switch","locations":[{"start":{"line":90,"column":12},"end":{"line":103,"column":22},"skip":true},{"start":{"line":105,"column":12},"end":{"line":106,"column":22},"skip":true}]},"11":{"line":89,"type":"binary-expr","locations":[{"start":{"line":89,"column":20},"end":{"line":89,"column":25},"skip":true},{"start":{"line":89,"column":29},"end":{"line":89,"column":48},"skip":true},{"start":{"line":89,"column":52},"end":{"line":89,"column":74},"skip":true}]},"12":{"line":92,"type":"if","locations":[{"start":{"line":92,"column":16},"end":{"line":92,"column":16},"skip":true},{"start":{"line":92,"column":16},"end":{"line":92,"column":16},"skip":true}]},"13":{"line":108,"type":"if","locations":[{"start":{"line":108,"column":12},"end":{"line":108,"column":12},"skip":true},{"start":{"line":108,"column":12},"end":{"line":108,"column":12},"skip":true}]},"14":{"line":108,"type":"binary-expr","locations":[{"start":{"line":108,"column":16},"end":{"line":108,"column":61},"skip":true},{"start":{"line":108,"column":66},"end":{"line":108,"column":72},"skip":true},{"start":{"line":108,"column":77},"end":{"line":108,"column":82},"skip":true},{"start":{"line":109,"column":20},"end":{"line":109,"column":39},"skip":true},{"start":{"line":110,"column":20},"end":{"line":110,"column":49},"skip":true},{"start":{"line":111,"column":20},"end":{"line":111,"column":58},"skip":true},{"start":{"line":112,"column":20},"end":{"line":112,"column":68},"skip":true}]},"15":{"line":129,"type":"if","locations":[{"start":{"line":129,"column":16},"end":{"line":129,"column":16},"skip":true},{"start":{"line":129,"column":16},"end":{"line":129,"column":16},"skip":true}]},"16":{"line":134,"type":"cond-expr","locations":[{"start":{"line":135,"column":26},"end":{"line":135,"column":29},"skip":true},{"start":{"line":136,"column":26},"end":{"line":136,"column":54},"skip":true}]},"17":{"line":164,"type":"binary-expr","locations":[{"start":{"line":164,"column":27},"end":{"line":164,"column":43},"skip":true},{"start":{"line":164,"column":47},"end":{"line":164,"column":49},"skip":true}]},"18":{"line":258,"type":"if","locations":[{"start":{"line":258,"column":8},"end":{"line":258,"column":8},"skip":true},{"start":{"line":258,"column":8},"end":{"line":258,"column":8},"skip":true}]},"19":{"line":275,"type":"switch","locations":[{"start":{"line":276,"column":20},"end":{"line":277,"column":64},"skip":true},{"start":{"line":278,"column":20},"end":{"line":279,"column":40},"skip":true},{"start":{"line":280,"column":20},"end":{"line":281,"column":40},"skip":true},{"start":{"line":282,"column":20},"end":{"line":283,"column":39},"skip":true}]},"20":{"line":288,"type":"if","locations":[{"start":{"line":288,"column":8},"end":{"line":288,"column":8},"skip":true},{"start":{"line":288,"column":8},"end":{"line":288,"column":8},"skip":true}]},"21":{"line":288,"type":"binary-expr","locations":[{"start":{"line":288,"column":12},"end":{"line":288,"column":40},"skip":true},{"start":{"line":288,"column":44},"end":{"line":288,"column":67},"skip":true}]},"22":{"line":292,"type":"binary-expr","locations":[{"start":{"line":292,"column":12},"end":{"line":292,"column":50},"skip":true},{"start":{"line":293,"column":12},"end":{"line":293,"column":53},"skip":true}]},"23":{"line":297,"type":"binary-expr","locations":[{"start":{"line":297,"column":12},"end":{"line":297,"column":85},"skip":true},{"start":{"line":298,"column":12},"end":{"line":301,"column":36},"skip":true}]},"24":{"line":303,"type":"binary-expr","locations":[{"start":{"line":303,"column":43},"end":{"line":303,"column":75},"skip":true},{"start":{"line":303,"column":79},"end":{"line":303,"column":81},"skip":true}]},"25":{"line":306,"type":"if","locations":[{"start":{"line":306,"column":8},"end":{"line":306,"column":8},"skip":true},{"start":{"line":306,"column":8},"end":{"line":306,"column":8},"skip":true}]},"26":{"line":310,"type":"if","locations":[{"start":{"line":310,"column":8},"end":{"line":310,"column":8},"skip":true},{"start":{"line":310,"column":8},"end":{"line":310,"column":8},"skip":true}]},"27":{"line":313,"type":"binary-expr","locations":[{"start":{"line":313,"column":27},"end":{"line":313,"column":43},"skip":true},{"start":{"line":313,"column":47},"end":{"line":313,"column":53},"skip":true}]},"28":{"line":317,"type":"if","locations":[{"start":{"line":317,"column":12},"end":{"line":317,"column":12},"skip":true},{"start":{"line":317,"column":12},"end":{"line":317,"column":12},"skip":true}]}},"code":["/*","example.js","","quickstart example","","instruction","    1. save this script as example.js","    2. run the shell command:","        $ npm install npmtest-cordova-plugin-inappbrowser && PORT=8081 node example.js","    3. play with the browser-demo on http://127.0.0.1:8081","*/","","","","/* istanbul instrument in package npmtest_cordova_plugin_inappbrowser */","/*jslint","    bitwise: true,","    browser: true,","    maxerr: 8,","    maxlen: 96,","    node: true,","    nomen: true,","    regexp: true,","    stupid: true","*/","(function () {","    'use strict';","    var local;","","","","    // run shared js-env code - init-before","    (function () {","        // init local","        local = {};","        // init modeJs","        local.modeJs = (function () {","            try {","                return typeof navigator.userAgent === 'string' &&","                    typeof document.querySelector('body') === 'object' &&","                    typeof XMLHttpRequest.prototype.open === 'function' &&","                    'browser';","            } catch (errorCaughtBrowser) {","                return module.exports &&","                    typeof process.versions.node === 'string' &&","                    typeof require('http').createServer === 'function' &&","                    'node';","            }","        }());","        // init global","        local.global = local.modeJs === 'browser'","            ? window","            : global;","        // init utility2_rollup","        local = local.global.utility2_rollup || (local.modeJs === 'browser'","            ? local.global.utility2_npmtest_cordova_plugin_inappbrowser","            : global.utility2_moduleExports);","        // export local","        local.global.local = local;","    }());","    switch (local.modeJs) {","","","","    // init-after","    // run browser js-env code - init-after","    /* istanbul ignore next */","    case 'browser':","        local.testRunBrowser = function (event) {","            if (!event || (event &&","                    event.currentTarget &&","                    event.currentTarget.className &&","                    event.currentTarget.className.includes &&","                    event.currentTarget.className.includes('onreset'))) {","                // reset output","                Array.from(","                    document.querySelectorAll('body > .resettable')","                ).forEach(function (element) {","                    switch (element.tagName) {","                    case 'INPUT':","                    case 'TEXTAREA':","                        element.value = '';","                        break;","                    default:","                        element.textContent = '';","                    }","                });","            }","            switch (event && event.currentTarget && event.currentTarget.id) {","            case 'testRunButton1':","                // show tests","                if (document.querySelector('#testReportDiv1').style.display === 'none') {","                    document.querySelector('#testReportDiv1').style.display = 'block';","                    document.querySelector('#testRunButton1').textContent =","                        'hide internal test';","                    local.modeTest = true;","                    local.testRunDefault(local);","                // hide tests","                } else {","                    document.querySelector('#testReportDiv1').style.display = 'none';","                    document.querySelector('#testRunButton1').textContent = 'run internal test';","                }","                break;","            // custom-case","            default:","                break;","            }","            if (document.querySelector('#inputTextareaEval1') && (!event || (event &&","                    event.currentTarget &&","                    event.currentTarget.className &&","                    event.currentTarget.className.includes &&","                    event.currentTarget.className.includes('oneval')))) {","                // try to eval input-code","                try {","                    /*jslint evil: true*/","                    eval(document.querySelector('#inputTextareaEval1').value);","                } catch (errorCaught) {","                    console.error(errorCaught);","                }","            }","        };","        // log stderr and stdout to #outputTextareaStdout1","        ['error', 'log'].forEach(function (key) {","            console[key + '_original'] = console[key];","            console[key] = function () {","                var element;","                console[key + '_original'].apply(console, arguments);","                element = document.querySelector('#outputTextareaStdout1');","                if (!element) {","                    return;","                }","                // append text to #outputTextareaStdout1","                element.value += Array.from(arguments).map(function (arg) {","                    return typeof arg === 'string'","                        ? arg","                        : JSON.stringify(arg, null, 4);","                }).join(' ') + '\\n';","                // scroll textarea to bottom","                element.scrollTop = element.scrollHeight;","            };","        });","        // init event-handling","        ['change', 'click', 'keyup'].forEach(function (event) {","            Array.from(document.querySelectorAll('.on' + event)).forEach(function (element) {","                element.addEventListener(event, local.testRunBrowser);","            });","        });","        // run tests","        local.testRunBrowser();","        break;","","","","    // run node js-env code - init-after","    /* istanbul ignore next */","    case 'node':","        // export local","        module.exports = local;","        // require modules","        local.fs = require('fs');","        local.http = require('http');","        local.url = require('url');","        // init assets","        local.assetsDict = local.assetsDict || {};","        /* jslint-ignore-begin */","        local.assetsDict['/assets.index.template.html'] = '\\","<!doctype html>\\n\\","<html lang=\"en\">\\n\\","<head>\\n\\","<meta charset=\"UTF-8\">\\n\\","<meta name=\"viewport\" content=\"width=device-width, initial-scale=1\">\\n\\","<title>{{env.npm_package_name}} (v{{env.npm_package_version}})</title>\\n\\","<style>\\n\\","/*csslint\\n\\","    box-sizing: false,\\n\\","    universal-selector: false\\n\\","*/\\n\\","* {\\n\\","    box-sizing: border-box;\\n\\","}\\n\\","body {\\n\\","    background: #dde;\\n\\","    font-family: Arial, Helvetica, sans-serif;\\n\\","    margin: 2rem;\\n\\","}\\n\\","body > * {\\n\\","    margin-bottom: 1rem;\\n\\","}\\n\\",".utility2FooterDiv {\\n\\","    margin-top: 20px;\\n\\","    text-align: center;\\n\\","}\\n\\","</style>\\n\\","<style>\\n\\","/*csslint\\n\\","*/\\n\\","textarea {\\n\\","    font-family: monospace;\\n\\","    height: 10rem;\\n\\","    width: 100%;\\n\\","}\\n\\","textarea[readonly] {\\n\\","    background: #ddd;\\n\\","}\\n\\","</style>\\n\\","</head>\\n\\","<body>\\n\\","<!-- utility2-comment\\n\\","<div id=\"ajaxProgressDiv1\" style=\"background: #d00; height: 2px; left: 0; margin: 0; padding: 0; position: fixed; top: 0; transition: background 0.5s, width 1.5s; width: 25%;\"></div>\\n\\","utility2-comment -->\\n\\","<h1>\\n\\","<!-- utility2-comment\\n\\","    <a\\n\\","        {{#if env.npm_package_homepage}}\\n\\","        href=\"{{env.npm_package_homepage}}\"\\n\\","        {{/if env.npm_package_homepage}}\\n\\","        target=\"_blank\"\\n\\","    >\\n\\","utility2-comment -->\\n\\","        {{env.npm_package_name}} (v{{env.npm_package_version}})\\n\\","<!-- utility2-comment\\n\\","    </a>\\n\\","utility2-comment -->\\n\\","</h1>\\n\\","<h3>{{env.npm_package_description}}</h3>\\n\\","<!-- utility2-comment\\n\\","<h4><a download href=\"assets.app.js\">download standalone app</a></h4>\\n\\","<button class=\"onclick onreset\" id=\"testRunButton1\">run internal test</button><br>\\n\\","<div id=\"testReportDiv1\" style=\"display: none;\"></div>\\n\\","utility2-comment -->\\n\\","\\n\\","\\n\\","\\n\\","<label>stderr and stdout</label>\\n\\","<textarea class=\"resettable\" id=\"outputTextareaStdout1\" readonly></textarea>\\n\\","<!-- utility2-comment\\n\\","{{#if isRollup}}\\n\\","<script src=\"assets.app.js\"></script>\\n\\","{{#unless isRollup}}\\n\\","utility2-comment -->\\n\\","<script src=\"assets.utility2.rollup.js\"></script>\\n\\","<script src=\"jsonp.utility2._stateInit?callback=window.utility2._stateInit\"></script>\\n\\","<script src=\"assets.npmtest_cordova_plugin_inappbrowser.rollup.js\"></script>\\n\\","<script src=\"assets.example.js\"></script>\\n\\","<script src=\"assets.test.js\"></script>\\n\\","<!-- utility2-comment\\n\\","{{/if isRollup}}\\n\\","utility2-comment -->\\n\\","<div class=\"utility2FooterDiv\">\\n\\","    [ this app was created with\\n\\","    <a href=\"https://github.com/kaizhu256/node-utility2\" target=\"_blank\">utility2</a>\\n\\","    ]\\n\\","</div>\\n\\","</body>\\n\\","</html>\\n\\","';","        /* jslint-ignore-end */","        if (local.templateRender) {","            local.assetsDict['/'] = local.templateRender(","                local.assetsDict['/assets.index.template.html'],","                {","                    env: local.objectSetDefault(local.env, {","                        npm_package_description: 'the greatest app in the world!',","                        npm_package_name: 'my-app',","                        npm_package_nameAlias: 'my_app',","                        npm_package_version: '0.0.1'","                    })","                }","            );","        } else {","            local.assetsDict['/'] = local.assetsDict['/assets.index.template.html']","                .replace((/\\{\\{env\\.(\\w+?)\\}\\}/g), function (match0, match1) {","                    // jslint-hack","                    String(match0);","                    switch (match1) {","                    case 'npm_package_description':","                        return 'the greatest app in the world!';","                    case 'npm_package_name':","                        return 'my-app';","                    case 'npm_package_nameAlias':","                        return 'my_app';","                    case 'npm_package_version':","                        return '0.0.1';","                    }","                });","        }","        // run the cli","        if (local.global.utility2_rollup || module !== require.main) {","            break;","        }","        local.assetsDict['/assets.example.js'] =","            local.assetsDict['/assets.example.js'] ||","            local.fs.readFileSync(__filename, 'utf8');","        // bug-workaround - long $npm_package_buildCustomOrg","        /* jslint-ignore-begin */","        local.assetsDict['/assets.npmtest_cordova_plugin_inappbrowser.rollup.js'] =","            local.assetsDict['/assets.npmtest_cordova_plugin_inappbrowser.rollup.js'] ||","            local.fs.readFileSync(","                local.npmtest_cordova_plugin_inappbrowser.__dirname + '/lib.npmtest_cordova_plugin_inappbrowser.js',","                'utf8'","            ).replace((/^#!/), '//');","        /* jslint-ignore-end */","        local.assetsDict['/favicon.ico'] = local.assetsDict['/favicon.ico'] || '';","        // if $npm_config_timeout_exit exists,","        // then exit this process after $npm_config_timeout_exit ms","        if (Number(process.env.npm_config_timeout_exit)) {","            setTimeout(process.exit, Number(process.env.npm_config_timeout_exit));","        }","        // start server","        if (local.global.utility2_serverHttp1) {","            break;","        }","        process.env.PORT = process.env.PORT || '8081';","        console.error('server starting on port ' + process.env.PORT);","        local.http.createServer(function (request, response) {","            request.urlParsed = local.url.parse(request.url);","            if (local.assetsDict[request.urlParsed.pathname] !== undefined) {","                response.end(local.assetsDict[request.urlParsed.pathname]);","                return;","            }","            response.statusCode = 404;","            response.end();","        }).listen(process.env.PORT);","        break;","    }","}());",""],"l":{"26":2,"28":2,"33":2,"35":2,"37":2,"38":2,"39":2,"44":1,"51":2,"55":2,"59":2,"61":2,"69":1,"70":2,"76":2,"79":2,"82":2,"83":2,"85":1,"89":2,"92":1,"93":1,"94":1,"96":1,"97":1,"100":1,"101":1,"103":1,"106":1,"108":2,"114":1,"116":1,"118":1,"123":1,"124":2,"125":2,"126":3,"127":3,"128":3,"129":3,"130":1,"133":3,"134":3,"139":3,"143":1,"144":3,"145":1,"149":1,"150":1,"158":1,"160":1,"161":1,"162":1,"164":1,"166":1,"258":1,"259":1,"271":1,"274":6,"275":6,"277":1,"279":2,"281":1,"283":2,"288":1,"289":1,"291":1,"296":1,"303":1,"306":1,"307":1,"310":1,"311":1,"313":1,"314":1,"315":1,"316":1,"317":1,"318":1,"319":1,"321":1,"322":1,"324":1}},"/home/travis/build/npmtest/node-npmtest-cordova-plugin-inappbrowser/node_modules/cordova-plugin-inappbrowser/www/inappbrowser.js":{"path":"/home/travis/build/npmtest/node-npmtest-cordova-plugin-inappbrowser/node_modules/cordova-plugin-inappbrowser/www/inappbrowser.js","s":{"1":2,"2":2,"3":0,"4":0,"5":0,"6":0,"7":0,"8":0,"9":1,"10":0,"11":0,"12":0,"13":0,"14":0,"15":0,"16":0,"17":0,"18":0,"19":0,"20":0,"21":0,"22":0,"23":0,"24":0,"25":0,"26":0,"27":0,"28":0,"29":0,"30":0,"31":0,"32":0,"33":0,"34":0,"35":0,"36":0,"37":0,"38":0,"39":0,"40":0,"41":0,"42":0,"43":0,"44":0},"b":{"1":[0,0],"2":[2,0],"3":[0,0],"4":[0,0],"5":[0,0],"6":[0,0],"7":[0,0],"8":[0,0],"9":[0,0],"10":[0,0],"11":[0,0],"12":[0,0],"13":[0,0],"14":[0,0]},"f":{"1":2,"2":0,"3":0,"4":0,"5":0,"6":0,"7":0,"8":0,"9":0,"10":0,"11":0,"12":0},"fnMap":{"1":{"name":"(anonymous_1)","line":22,"loc":{"start":{"line":22,"column":1},"end":{"line":22,"column":12}}},"2":{"name":"InAppBrowser","line":34,"loc":{"start":{"line":34,"column":4},"end":{"line":34,"column":28}}},"3":{"name":"(anonymous_3)","line":44,"loc":{"start":{"line":44,"column":23},"end":{"line":44,"column":40}}},"4":{"name":"(anonymous_4)","line":49,"loc":{"start":{"line":49,"column":15},"end":{"line":49,"column":36}}},"5":{"name":"(anonymous_5)","line":52,"loc":{"start":{"line":52,"column":14},"end":{"line":52,"column":35}}},"6":{"name":"(anonymous_6)","line":55,"loc":{"start":{"line":55,"column":14},"end":{"line":55,"column":35}}},"7":{"name":"(anonymous_7)","line":58,"loc":{"start":{"line":58,"column":26},"end":{"line":58,"column":49}}},"8":{"name":"(anonymous_8)","line":63,"loc":{"start":{"line":63,"column":29},"end":{"line":63,"column":52}}},"9":{"name":"(anonymous_9)","line":69,"loc":{"start":{"line":69,"column":23},"end":{"line":69,"column":51}}},"10":{"name":"(anonymous_10)","line":79,"loc":{"start":{"line":79,"column":19},"end":{"line":79,"column":47}}},"11":{"name":"(anonymous_11)","line":90,"loc":{"start":{"line":90,"column":21},"end":{"line":90,"column":83}}},"12":{"name":"(anonymous_12)","line":105,"loc":{"start":{"line":105,"column":17},"end":{"line":105,"column":37}}}},"statementMap":{"1":{"start":{"line":22,"column":0},"end":{"line":114,"column":5}},"2":{"start":{"line":24,"column":4},"end":{"line":27,"column":5}},"3":{"start":{"line":25,"column":8},"end":{"line":25,"column":50}},"4":{"start":{"line":26,"column":8},"end":{"line":26,"column":15}},"5":{"start":{"line":29,"column":4},"end":{"line":29,"column":39}},"6":{"start":{"line":30,"column":4},"end":{"line":30,"column":45}},"7":{"start":{"line":31,"column":4},"end":{"line":31,"column":55}},"8":{"start":{"line":32,"column":4},"end":{"line":32,"column":45}},"9":{"start":{"line":34,"column":4},"end":{"line":41,"column":5}},"10":{"start":{"line":35,"column":7},"end":{"line":40,"column":9}},"11":{"start":{"line":43,"column":4},"end":{"line":88,"column":6}},"12":{"start":{"line":45,"column":12},"end":{"line":47,"column":13}},"13":{"start":{"line":46,"column":16},"end":{"line":46,"column":54}},"14":{"start":{"line":50,"column":12},"end":{"line":50,"column":58}},"15":{"start":{"line":53,"column":12},"end":{"line":53,"column":57}},"16":{"start":{"line":56,"column":12},"end":{"line":56,"column":57}},"17":{"start":{"line":59,"column":12},"end":{"line":61,"column":13}},"18":{"start":{"line":60,"column":16},"end":{"line":60,"column":54}},"19":{"start":{"line":64,"column":12},"end":{"line":66,"column":13}},"20":{"start":{"line":65,"column":16},"end":{"line":65,"column":56}},"21":{"start":{"line":70,"column":12},"end":{"line":76,"column":13}},"22":{"start":{"line":71,"column":16},"end":{"line":71,"column":95}},"23":{"start":{"line":72,"column":19},"end":{"line":76,"column":13}},"24":{"start":{"line":73,"column":16},"end":{"line":73,"column":95}},"25":{"start":{"line":75,"column":16},"end":{"line":75,"column":102}},"26":{"start":{"line":80,"column":12},"end":{"line":86,"column":13}},"27":{"start":{"line":81,"column":16},"end":{"line":81,"column":94}},"28":{"start":{"line":82,"column":19},"end":{"line":86,"column":13}},"29":{"start":{"line":83,"column":16},"end":{"line":83,"column":94}},"30":{"start":{"line":85,"column":16},"end":{"line":85,"column":98}},"31":{"start":{"line":90,"column":4},"end":{"line":113,"column":6}},"32":{"start":{"line":92,"column":8},"end":{"line":95,"column":9}},"33":{"start":{"line":93,"column":12},"end":{"line":93,"column":78}},"34":{"start":{"line":94,"column":12},"end":{"line":94,"column":57}},"35":{"start":{"line":97,"column":8},"end":{"line":97,"column":46}},"36":{"start":{"line":98,"column":8},"end":{"line":98,"column":37}},"37":{"start":{"line":100,"column":8},"end":{"line":100,"column":36}},"38":{"start":{"line":101,"column":8},"end":{"line":103,"column":9}},"39":{"start":{"line":102,"column":12},"end":{"line":102,"column":72}},"40":{"start":{"line":105,"column":8},"end":{"line":107,"column":10}},"41":{"start":{"line":106,"column":11},"end":{"line":106,"column":40}},"42":{"start":{"line":109,"column":8},"end":{"line":109,"column":52}},"43":{"start":{"line":111,"column":8},"end":{"line":111,"column":89}},"44":{"start":{"line":112,"column":8},"end":{"line":112,"column":19}}},"branchMap":{"1":{"line":24,"type":"if","locations":[{"start":{"line":24,"column":4},"end":{"line":24,"column":4}},{"start":{"line":24,"column":4},"end":{"line":24,"column":4}}]},"2":{"line":24,"type":"binary-expr","locations":[{"start":{"line":24,"column":8},"end":{"line":24,"column":21}},{"start":{"line":24,"column":25},"end":{"line":24,"column":47}}]},"3":{"line":45,"type":"if","locations":[{"start":{"line":45,"column":12},"end":{"line":45,"column":12}},{"start":{"line":45,"column":12},"end":{"line":45,"column":12}}]},"4":{"line":45,"type":"binary-expr","locations":[{"start":{"line":45,"column":16},"end":{"line":45,"column":21}},{"start":{"line":45,"column":26},"end":{"line":45,"column":53}}]},"5":{"line":59,"type":"if","locations":[{"start":{"line":59,"column":12},"end":{"line":59,"column":12}},{"start":{"line":59,"column":12},"end":{"line":59,"column":12}}]},"6":{"line":64,"type":"if","locations":[{"start":{"line":64,"column":12},"end":{"line":64,"column":12}},{"start":{"line":64,"column":12},"end":{"line":64,"column":12}}]},"7":{"line":70,"type":"if","locations":[{"start":{"line":70,"column":12},"end":{"line":70,"column":12}},{"start":{"line":70,"column":12},"end":{"line":70,"column":12}}]},"8":{"line":72,"type":"if","locations":[{"start":{"line":72,"column":19},"end":{"line":72,"column":19}},{"start":{"line":72,"column":19},"end":{"line":72,"column":19}}]},"9":{"line":80,"type":"if","locations":[{"start":{"line":80,"column":12},"end":{"line":80,"column":12}},{"start":{"line":80,"column":12},"end":{"line":80,"column":12}}]},"10":{"line":82,"type":"if","locations":[{"start":{"line":82,"column":19},"end":{"line":82,"column":19}},{"start":{"line":82,"column":19},"end":{"line":82,"column":19}}]},"11":{"line":92,"type":"if","locations":[{"start":{"line":92,"column":8},"end":{"line":92,"column":8}},{"start":{"line":92,"column":8},"end":{"line":92,"column":8}}]},"12":{"line":92,"type":"binary-expr","locations":[{"start":{"line":92,"column":12},"end":{"line":92,"column":25}},{"start":{"line":92,"column":29},"end":{"line":92,"column":57}}]},"13":{"line":100,"type":"binary-expr","locations":[{"start":{"line":100,"column":20},"end":{"line":100,"column":29}},{"start":{"line":100,"column":33},"end":{"line":100,"column":35}}]},"14":{"line":109,"type":"binary-expr","locations":[{"start":{"line":109,"column":28},"end":{"line":109,"column":45}},{"start":{"line":109,"column":49},"end":{"line":109,"column":51}}]}},"code":["/*"," *"," * Licensed to the Apache Software Foundation (ASF) under one"," * or more contributor license agreements.  See the NOTICE file"," * distributed with this work for additional information"," * regarding copyright ownership.  The ASF licenses this file"," * to you under the Apache License, Version 2.0 (the"," * \"License\"); you may not use this file except in compliance"," * with the License.  You may obtain a copy of the License at"," *"," *   http://www.apache.org/licenses/LICENSE-2.0"," *"," * Unless required by applicable law or agreed to in writing,"," * software distributed under the License is distributed on an"," * \"AS IS\" BASIS, WITHOUT WARRANTIES OR CONDITIONS OF ANY"," * KIND, either express or implied.  See the License for the"," * specific language governing permissions and limitations"," * under the License."," *","*/","","(function() {","    // special patch to correctly work on Ripple emulator (CB-9760)","    if (window.parent && !!window.parent.ripple) { // https://gist.github.com/triceam/4658021","        module.exports = window.open.bind(window); // fallback to default window.open behaviour","        return;","    }","","    var exec = require('cordova/exec');","    var channel = require('cordova/channel');","    var modulemapper = require('cordova/modulemapper');","    var urlutil = require('cordova/urlutil');","","    function InAppBrowser() {","       this.channels = {","            'loadstart': channel.create('loadstart'),","            'loadstop' : channel.create('loadstop'),","            'loaderror' : channel.create('loaderror'),","            'exit' : channel.create('exit')","       };","    }","","    InAppBrowser.prototype = {","        _eventHandler: function (event) {","            if (event && (event.type in this.channels)) {","                this.channels[event.type].fire(event);","            }","        },","        close: function (eventname) {","            exec(null, null, \"InAppBrowser\", \"close\", []);","        },","        show: function (eventname) {","            exec(null, null, \"InAppBrowser\", \"show\", []);","        },","        hide: function (eventname) {","            exec(null, null, \"InAppBrowser\", \"hide\", []);","        },","        addEventListener: function (eventname,f) {","            if (eventname in this.channels) {","                this.channels[eventname].subscribe(f);","            }","        },","        removeEventListener: function(eventname, f) {","            if (eventname in this.channels) {","                this.channels[eventname].unsubscribe(f);","            }","        },","","        executeScript: function(injectDetails, cb) {","            if (injectDetails.code) {","                exec(cb, null, \"InAppBrowser\", \"injectScriptCode\", [injectDetails.code, !!cb]);","            } else if (injectDetails.file) {","                exec(cb, null, \"InAppBrowser\", \"injectScriptFile\", [injectDetails.file, !!cb]);","            } else {","                throw new Error('executeScript requires exactly one of code or file to be specified');","            }","        },","","        insertCSS: function(injectDetails, cb) {","            if (injectDetails.code) {","                exec(cb, null, \"InAppBrowser\", \"injectStyleCode\", [injectDetails.code, !!cb]);","            } else if (injectDetails.file) {","                exec(cb, null, \"InAppBrowser\", \"injectStyleFile\", [injectDetails.file, !!cb]);","            } else {","                throw new Error('insertCSS requires exactly one of code or file to be specified');","            }","        }","    };","","    module.exports = function(strUrl, strWindowName, strWindowFeatures, callbacks) {","        // Don't catch calls that write to existing frames (e.g. named iframes).","        if (window.frames && window.frames[strWindowName]) {","            var origOpenFunc = modulemapper.getOriginalSymbol(window, 'open');","            return origOpenFunc.apply(window, arguments);","        }","","        strUrl = urlutil.makeAbsolute(strUrl);","        var iab = new InAppBrowser();","","        callbacks = callbacks || {};","        for (var callbackName in callbacks) {","            iab.addEventListener(callbackName, callbacks[callbackName]);","        }","","        var cb = function(eventname) {","           iab._eventHandler(eventname);","        };","","        strWindowFeatures = strWindowFeatures || \"\";","","        exec(cb, cb, \"InAppBrowser\", \"open\", [strUrl, strWindowName, strWindowFeatures]);","        return iab;","    };","})();",""],"l":{"22":2,"24":2,"25":0,"26":0,"29":0,"30":0,"31":0,"32":0,"34":1,"35":0,"43":0,"45":0,"46":0,"50":0,"53":0,"56":0,"59":0,"60":0,"64":0,"65":0,"70":0,"71":0,"72":0,"73":0,"75":0,"80":0,"81":0,"82":0,"83":0,"85":0,"90":0,"92":0,"93":0,"94":0,"97":0,"98":0,"100":0,"101":0,"102":0,"105":0,"106":0,"109":0,"111":0,"112":0}},"/home/travis/build/npmtest/node-npmtest-cordova-plugin-inappbrowser/node_modules/cordova-plugin-inappbrowser/src/browser/InAppBrowserProxy.js":{"path":"/home/travis/build/npmtest/node-npmtest-cordova-plugin-inappbrowser/node_modules/cordova-plugin-inappbrowser/src/browser/InAppBrowserProxy.js","s":{"1":2,"2":0,"3":1,"4":0,"5":0,"6":0,"7":0,"8":0,"9":0,"10":0,"11":0,"12":0,"13":0,"14":0,"15":0,"16":0,"17":0,"18":0,"19":0,"20":0,"21":0,"22":0,"23":0,"24":0,"25":0,"26":0,"27":0,"28":0,"29":0,"30":0,"31":0,"32":0,"33":0,"34":0,"35":0,"36":0,"37":0,"38":0,"39":0,"40":0,"41":0,"42":0,"43":0,"44":0,"45":0,"46":0,"47":0,"48":0,"49":0,"50":0,"51":0,"52":0,"53":0,"54":0,"55":0,"56":0,"57":0,"58":0,"59":0,"60":0,"61":0,"62":0,"63":0,"64":0,"65":0,"66":0,"67":0,"68":0,"69":0,"70":0,"71":0,"72":0,"73":0,"74":0,"75":0,"76":0,"77":0,"78":0,"79":0,"80":0,"81":0,"82":0,"83":0,"84":0,"85":0,"86":0,"87":0,"88":0,"89":0,"90":0,"91":0,"92":0,"93":0,"94":0,"95":0,"96":0,"97":0,"98":0,"99":0,"100":0,"101":0,"102":0,"103":0,"104":0,"105":0,"106":0,"107":0,"108":0,"109":0,"110":0,"111":0,"112":0,"113":0,"114":0,"115":0,"116":0,"117":0,"118":0,"119":0,"120":0,"121":0},"b":{"1":[0,0],"2":[0,0],"3":[0,0],"4":[0,0],"5":[0,0],"6":[0,0],"7":[0,0],"8":[0,0],"9":[0,0],"10":[0,0],"11":[0,0],"12":[0,0],"13":[0,0],"14":[0,0],"15":[0,0],"16":[0,0],"17":[0,0],"18":[0,0]},"f":{"1":0,"2":0,"3":0,"4":0,"5":0,"6":0,"7":0,"8":0,"9":0,"10":0,"11":0,"12":0,"13":0,"14":0,"15":0,"16":0,"17":0,"18":0,"19":0},"fnMap":{"1":{"name":"attachNavigationEvents","line":32,"loc":{"start":{"line":32,"column":0},"end":{"line":32,"column":51}}},"2":{"name":"(anonymous_2)","line":33,"loc":{"start":{"line":33,"column":18},"end":{"line":33,"column":30}}},"3":{"name":"(anonymous_3)","line":37,"loc":{"start":{"line":37,"column":41},"end":{"line":37,"column":53}}},"4":{"name":"(anonymous_4)","line":41,"loc":{"start":{"line":41,"column":37},"end":{"line":41,"column":49}}},"5":{"name":"(anonymous_5)","line":50,"loc":{"start":{"line":50,"column":11},"end":{"line":50,"column":32}}},"6":{"name":"(anonymous_6)","line":60,"loc":{"start":{"line":60,"column":10},"end":{"line":60,"column":31}}},"7":{"name":"(anonymous_7)","line":66,"loc":{"start":{"line":66,"column":10},"end":{"line":66,"column":37}}},"8":{"name":"(anonymous_8)","line":89,"loc":{"start":{"line":89,"column":38},"end":{"line":89,"column":50}}},"9":{"name":"(anonymous_9)","line":90,"loc":{"start":{"line":90,"column":31},"end":{"line":90,"column":43}}},"10":{"name":"(anonymous_10)","line":116,"loc":{"start":{"line":116,"column":47},"end":{"line":116,"column":60}}},"11":{"name":"(anonymous_11)","line":127,"loc":{"start":{"line":127,"column":52},"end":{"line":127,"column":65}}},"12":{"name":"(anonymous_12)","line":138,"loc":{"start":{"line":138,"column":53},"end":{"line":138,"column":66}}},"13":{"name":"(anonymous_13)","line":150,"loc":{"start":{"line":150,"column":56},"end":{"line":150,"column":69}}},"14":{"name":"(anonymous_14)","line":162,"loc":{"start":{"line":162,"column":54},"end":{"line":162,"column":67}}},"15":{"name":"(anonymous_15)","line":163,"loc":{"start":{"line":163,"column":31},"end":{"line":163,"column":43}}},"16":{"name":"(anonymous_16)","line":189,"loc":{"start":{"line":189,"column":22},"end":{"line":189,"column":49}}},"17":{"name":"(anonymous_17)","line":205,"loc":{"start":{"line":205,"column":22},"end":{"line":205,"column":49}}},"18":{"name":"(anonymous_18)","line":213,"loc":{"start":{"line":213,"column":21},"end":{"line":213,"column":48}}},"19":{"name":"(anonymous_19)","line":221,"loc":{"start":{"line":221,"column":21},"end":{"line":221,"column":48}}}},"statementMap":{"1":{"start":{"line":22,"column":0},"end":{"line":22,"column":51}},"2":{"start":{"line":24,"column":0},"end":{"line":30,"column":16}},"3":{"start":{"line":32,"column":0},"end":{"line":47,"column":1}},"4":{"start":{"line":33,"column":4},"end":{"line":35,"column":6}},"5":{"start":{"line":34,"column":8},"end":{"line":34,"column":95}},"6":{"start":{"line":37,"column":4},"end":{"line":39,"column":7}},"7":{"start":{"line":38,"column":8},"end":{"line":38,"column":95}},"8":{"start":{"line":41,"column":4},"end":{"line":43,"column":7}},"9":{"start":{"line":42,"column":8},"end":{"line":42,"column":94}},"10":{"start":{"line":45,"column":4},"end":{"line":45,"column":47}},"11":{"start":{"line":46,"column":4},"end":{"line":46,"column":47}},"12":{"start":{"line":49,"column":0},"end":{"line":228,"column":2}},"13":{"start":{"line":51,"column":8},"end":{"line":57,"column":9}},"14":{"start":{"line":52,"column":12},"end":{"line":52,"column":43}},"15":{"start":{"line":52,"column":21},"end":{"line":52,"column":43}},"16":{"start":{"line":54,"column":12},"end":{"line":54,"column":60}},"17":{"start":{"line":55,"column":12},"end":{"line":55,"column":31}},"18":{"start":{"line":56,"column":12},"end":{"line":56,"column":25}},"19":{"start":{"line":61,"column":8},"end":{"line":63,"column":9}},"20":{"start":{"line":62,"column":12},"end":{"line":62,"column":48}},"21":{"start":{"line":67,"column":8},"end":{"line":69,"column":31}},"22":{"start":{"line":71,"column":8},"end":{"line":186,"column":9}},"23":{"start":{"line":72,"column":12},"end":{"line":72,"column":37}},"24":{"start":{"line":73,"column":15},"end":{"line":186,"column":9}},"25":{"start":{"line":74,"column":12},"end":{"line":74,"column":97}},"26":{"start":{"line":77,"column":12},"end":{"line":96,"column":13}},"27":{"start":{"line":78,"column":16},"end":{"line":78,"column":60}},"28":{"start":{"line":79,"column":16},"end":{"line":79,"column":56}},"29":{"start":{"line":80,"column":16},"end":{"line":80,"column":44}},"30":{"start":{"line":81,"column":16},"end":{"line":81,"column":45}},"31":{"start":{"line":82,"column":16},"end":{"line":82,"column":59}},"32":{"start":{"line":83,"column":16},"end":{"line":83,"column":55}},"33":{"start":{"line":84,"column":16},"end":{"line":84,"column":50}},"34":{"start":{"line":85,"column":16},"end":{"line":85,"column":51}},"35":{"start":{"line":86,"column":16},"end":{"line":86,"column":56}},"36":{"start":{"line":87,"column":16},"end":{"line":87,"column":67}},"37":{"start":{"line":89,"column":16},"end":{"line":93,"column":18}},"38":{"start":{"line":90,"column":20},"end":{"line":92,"column":26}},"39":{"start":{"line":91,"column":24},"end":{"line":91,"column":39}},"40":{"start":{"line":95,"column":16},"end":{"line":95,"column":55}},"41":{"start":{"line":98,"column":12},"end":{"line":100,"column":13}},"42":{"start":{"line":99,"column":16},"end":{"line":99,"column":51}},"43":{"start":{"line":102,"column":12},"end":{"line":102,"column":53}},"44":{"start":{"line":103,"column":12},"end":{"line":103,"column":44}},"45":{"start":{"line":104,"column":12},"end":{"line":104,"column":39}},"46":{"start":{"line":106,"column":12},"end":{"line":106,"column":43}},"47":{"start":{"line":108,"column":12},"end":{"line":180,"column":13}},"48":{"start":{"line":109,"column":16},"end":{"line":109,"column":57}},"49":{"start":{"line":110,"column":16},"end":{"line":110,"column":50}},"50":{"start":{"line":112,"column":16},"end":{"line":112,"column":69}},"51":{"start":{"line":113,"column":16},"end":{"line":113,"column":59}},"52":{"start":{"line":114,"column":16},"end":{"line":114,"column":71}},"53":{"start":{"line":115,"column":16},"end":{"line":115,"column":58}},"54":{"start":{"line":116,"column":16},"end":{"line":118,"column":18}},"55":{"start":{"line":117,"column":20},"end":{"line":117,"column":42}},"56":{"start":{"line":120,"column":16},"end":{"line":120,"column":74}},"57":{"start":{"line":121,"column":16},"end":{"line":121,"column":68}},"58":{"start":{"line":122,"column":16},"end":{"line":122,"column":64}},"59":{"start":{"line":123,"column":16},"end":{"line":123,"column":64}},"60":{"start":{"line":124,"column":16},"end":{"line":124,"column":66}},"61":{"start":{"line":125,"column":16},"end":{"line":125,"column":76}},"62":{"start":{"line":126,"column":16},"end":{"line":126,"column":63}},"63":{"start":{"line":127,"column":16},"end":{"line":129,"column":18}},"64":{"start":{"line":128,"column":20},"end":{"line":128,"column":42}},"65":{"start":{"line":132,"column":16},"end":{"line":132,"column":62}},"66":{"start":{"line":133,"column":16},"end":{"line":133,"column":48}},"67":{"start":{"line":134,"column":16},"end":{"line":134,"column":49}},"68":{"start":{"line":135,"column":16},"end":{"line":135,"column":55}},"69":{"start":{"line":137,"column":16},"end":{"line":137,"column":43}},"70":{"start":{"line":138,"column":16},"end":{"line":141,"column":19}},"71":{"start":{"line":139,"column":20},"end":{"line":140,"column":39}},"72":{"start":{"line":140,"column":24},"end":{"line":140,"column":39}},"73":{"start":{"line":143,"column":16},"end":{"line":143,"column":65}},"74":{"start":{"line":144,"column":16},"end":{"line":144,"column":56}},"75":{"start":{"line":145,"column":16},"end":{"line":145,"column":51}},"76":{"start":{"line":146,"column":16},"end":{"line":146,"column":52}},"77":{"start":{"line":147,"column":16},"end":{"line":147,"column":58}},"78":{"start":{"line":149,"column":16},"end":{"line":149,"column":46}},"79":{"start":{"line":150,"column":16},"end":{"line":153,"column":19}},"80":{"start":{"line":151,"column":20},"end":{"line":152,"column":42}},"81":{"start":{"line":152,"column":24},"end":{"line":152,"column":42}},"82":{"start":{"line":155,"column":16},"end":{"line":155,"column":63}},"83":{"start":{"line":156,"column":16},"end":{"line":156,"column":54}},"84":{"start":{"line":157,"column":16},"end":{"line":157,"column":49}},"85":{"start":{"line":158,"column":16},"end":{"line":158,"column":50}},"86":{"start":{"line":159,"column":16},"end":{"line":159,"column":56}},"87":{"start":{"line":161,"column":16},"end":{"line":161,"column":44}},"88":{"start":{"line":162,"column":16},"end":{"line":166,"column":19}},"89":{"start":{"line":163,"column":20},"end":{"line":165,"column":26}},"90":{"start":{"line":164,"column":24},"end":{"line":164,"column":39}},"91":{"start":{"line":169,"column":16},"end":{"line":169,"column":43}},"92":{"start":{"line":170,"column":16},"end":{"line":170,"column":46}},"93":{"start":{"line":172,"column":16},"end":{"line":172,"column":66}},"94":{"start":{"line":173,"column":16},"end":{"line":173,"column":69}},"95":{"start":{"line":174,"column":16},"end":{"line":174,"column":67}},"96":{"start":{"line":175,"column":16},"end":{"line":175,"column":76}},"97":{"start":{"line":177,"column":16},"end":{"line":177,"column":62}},"98":{"start":{"line":179,"column":16},"end":{"line":179,"column":44}},"99":{"start":{"line":183,"column":12},"end":{"line":183,"column":47}},"100":{"start":{"line":185,"column":12},"end":{"line":185,"column":31}},"101":{"start":{"line":190,"column":8},"end":{"line":191,"column":34}},"102":{"start":{"line":193,"column":8},"end":{"line":202,"column":9}},"103":{"start":{"line":194,"column":12},"end":{"line":201,"column":13}},"104":{"start":{"line":195,"column":16},"end":{"line":195,"column":47}},"105":{"start":{"line":196,"column":16},"end":{"line":198,"column":17}},"106":{"start":{"line":197,"column":20},"end":{"line":197,"column":28}},"107":{"start":{"line":200,"column":16},"end":{"line":200,"column":102}},"108":{"start":{"line":206,"column":8},"end":{"line":206,"column":96}},"109":{"start":{"line":207,"column":8},"end":{"line":207,"column":26}},"110":{"start":{"line":208,"column":8},"end":{"line":210,"column":9}},"111":{"start":{"line":209,"column":12},"end":{"line":209,"column":22}},"112":{"start":{"line":214,"column":8},"end":{"line":214,"column":95}},"113":{"start":{"line":215,"column":8},"end":{"line":215,"column":26}},"114":{"start":{"line":216,"column":8},"end":{"line":218,"column":9}},"115":{"start":{"line":217,"column":12},"end":{"line":217,"column":22}},"116":{"start":{"line":222,"column":8},"end":{"line":222,"column":95}},"117":{"start":{"line":223,"column":8},"end":{"line":223,"column":26}},"118":{"start":{"line":224,"column":8},"end":{"line":226,"column":9}},"119":{"start":{"line":225,"column":12},"end":{"line":225,"column":22}},"120":{"start":{"line":230,"column":0},"end":{"line":230,"column":21}},"121":{"start":{"line":232,"column":0},"end":{"line":232,"column":66}}},"branchMap":{"1":{"line":51,"type":"if","locations":[{"start":{"line":51,"column":8},"end":{"line":51,"column":8}},{"start":{"line":51,"column":8},"end":{"line":51,"column":8}}]},"2":{"line":52,"type":"if","locations":[{"start":{"line":52,"column":12},"end":{"line":52,"column":12}},{"start":{"line":52,"column":12},"end":{"line":52,"column":12}}]},"3":{"line":61,"type":"if","locations":[{"start":{"line":61,"column":8},"end":{"line":61,"column":8}},{"start":{"line":61,"column":8},"end":{"line":61,"column":8}}]},"4":{"line":71,"type":"if","locations":[{"start":{"line":71,"column":8},"end":{"line":71,"column":8}},{"start":{"line":71,"column":8},"end":{"line":71,"column":8}}]},"5":{"line":71,"type":"binary-expr","locations":[{"start":{"line":71,"column":12},"end":{"line":71,"column":30}},{"start":{"line":71,"column":34},"end":{"line":71,"column":41}}]},"6":{"line":73,"type":"if","locations":[{"start":{"line":73,"column":15},"end":{"line":73,"column":15}},{"start":{"line":73,"column":15},"end":{"line":73,"column":15}}]},"7":{"line":77,"type":"if","locations":[{"start":{"line":77,"column":12},"end":{"line":77,"column":12}},{"start":{"line":77,"column":12},"end":{"line":77,"column":12}}]},"8":{"line":98,"type":"if","locations":[{"start":{"line":98,"column":12},"end":{"line":98,"column":12}},{"start":{"line":98,"column":12},"end":{"line":98,"column":12}}]},"9":{"line":108,"type":"if","locations":[{"start":{"line":108,"column":12},"end":{"line":108,"column":12}},{"start":{"line":108,"column":12},"end":{"line":108,"column":12}}]},"10":{"line":108,"type":"binary-expr","locations":[{"start":{"line":108,"column":16},"end":{"line":108,"column":55}},{"start":{"line":108,"column":59},"end":{"line":108,"column":94}}]},"11":{"line":139,"type":"if","locations":[{"start":{"line":139,"column":20},"end":{"line":139,"column":20}},{"start":{"line":139,"column":20},"end":{"line":139,"column":20}}]},"12":{"line":151,"type":"if","locations":[{"start":{"line":151,"column":20},"end":{"line":151,"column":20}},{"start":{"line":151,"column":20},"end":{"line":151,"column":20}}]},"13":{"line":193,"type":"if","locations":[{"start":{"line":193,"column":8},"end":{"line":193,"column":8}},{"start":{"line":193,"column":8},"end":{"line":193,"column":8}}]},"14":{"line":193,"type":"binary-expr","locations":[{"start":{"line":193,"column":12},"end":{"line":193,"column":23}},{"start":{"line":193,"column":27},"end":{"line":193,"column":32}}]},"15":{"line":196,"type":"if","locations":[{"start":{"line":196,"column":16},"end":{"line":196,"column":16}},{"start":{"line":196,"column":16},"end":{"line":196,"column":16}}]},"16":{"line":208,"type":"if","locations":[{"start":{"line":208,"column":8},"end":{"line":208,"column":8}},{"start":{"line":208,"column":8},"end":{"line":208,"column":8}}]},"17":{"line":216,"type":"if","locations":[{"start":{"line":216,"column":8},"end":{"line":216,"column":8}},{"start":{"line":216,"column":8},"end":{"line":216,"column":8}}]},"18":{"line":224,"type":"if","locations":[{"start":{"line":224,"column":8},"end":{"line":224,"column":8}},{"start":{"line":224,"column":8},"end":{"line":224,"column":8}}]}},"code":["/*"," *"," * Licensed to the Apache Software Foundation (ASF) under one"," * or more contributor license agreements.  See the NOTICE file"," * distributed with this work for additional information"," * regarding copyright ownership.  The ASF licenses this file"," * to you under the Apache License, Version 2.0 (the"," * \"License\"); you may not use this file except in compliance"," * with the License.  You may obtain a copy of the License at"," *"," *   http://www.apache.org/licenses/LICENSE-2.0"," *"," * Unless required by applicable law or agreed to in writing,"," * software distributed under the License is distributed on an"," * \"AS IS\" BASIS, WITHOUT WARRANTIES OR CONDITIONS OF ANY"," * KIND, either express or implied.  See the License for the"," * specific language governing permissions and limitations"," * under the License."," *","*/","","var modulemapper = require('cordova/modulemapper');","","var browserWrap,","    popup,","    navigationButtonsDiv,","    navigationButtonsDivInner,","    backButton,","    forwardButton,","    closeButton;","","function attachNavigationEvents(element, callback) {","    var onError = function () {","        callback({ type: \"loaderror\", url: this.contentWindow.location}, {keepCallback: true});","    };","","    element.addEventListener(\"pageshow\", function () {","        callback({ type: \"loadstart\", url: this.contentWindow.location}, {keepCallback: true});","    });","","    element.addEventListener(\"load\", function () {","        callback({ type: \"loadstop\", url: this.contentWindow.location}, {keepCallback: true});","    });","","    element.addEventListener(\"error\", onError);","    element.addEventListener(\"abort\", onError);","}","","var IAB = {","    close: function (win, lose) {","        if (browserWrap) 
[...]
             e.cancelBubble = true;","                    };","","                    navigationButtonsDivInner = document.createElement(\"div\");","                    navigationButtonsDivInner.className = \"inappbrowser-app-bar-inner\";","                    navigationButtonsDivInner.onclick = function (e) {","                        e.cancelBubble = true;","                    };","","                    backButton = document.createElement(\"div\");","                    backButton.innerText = \"back\";","                    backButton.className = \"app-bar-action action-back\";","                    backButton.addEventListener(\"click\", function (e) {","                        if (popup.canGoBack)","                            popup.goBack();","                    });","","                    forwardButton = document.createElement(\"div\");","                    forwardButton.innerText = \"forward\";","                    forwardButton.className = \"app-bar-action action-forward\";","                    forwardButton.addEventListener(\"click\", function (e) {","                        if (popup.canGoForward)","                            popup.goForward();","                    });","","                    closeButton = document.createElement(\"div\");","                    closeButton.innerText = \"close\";","                    closeButton.className = \"app-bar-action action-close\";","                    closeButton.addEventListener(\"click\", closeHandler);","","                    if (!isWebViewAvailable) {","                        // iframe navigation is not yet supported","                        backButton.setAttribute(\"disabled\", \"true\");","                        forwardButton.setAttribute(\"disabled\", \"true\");","                    }","","                    navigationButtonsDivInner.appendChild(backButton);","                    navigationButtonsDivInner.appendChild(forwardButton);","                    navigationButtonsDivInner.appendChild(closeButton);","                    navigationButtonsDiv.appendChild(navigationButtonsDivInner);","","                    browserWrap.appendChild(navigationButtonsDiv);","                } else {","                    popup.style.height = \"100%\";","                }","","                // start listening for navigation events","                attachNavigationEvents(popup, navigationEventsCallback);","","                if (isWebViewAvailable) {","                    strUrl = strUrl.replace(\"ms-appx://\", \"ms-appx-web://\");","                }","                popup.src = strUrl;","            }","        });","    },","","    injectScriptCode: function (win, fail, args) {","        setImmediate(function () {","            var code = args[0],","                hasCallback = args[1];","","            if (isWebViewAvailable && browserWrap && popup) {","                var op = popup.invokeScriptAsync(\"eval\", code);","                op.oncomplete = function (e) {","                    if (hasCallback) {","                        // return null if event target is unavailable by some reason","                        var result = (e && e.target) ? [e.target.result] : [null];","                        win(result);","                    }","                };","                op.onerror = function () { };","                op.start();","            }","        });","    },","","    injectScriptFile: function (win, fail, args) {","        setImmediate(function () {","            var filePath = args[0],","                hasCallback = args[1];","","            if (!!filePath) {","                filePath = urlutil.makeAbsolute(filePath);","            }","","            if (isWebViewAvailable && browserWrap && popup) {","                // CB-12364 getFileFromApplicationUriAsync does not support ms-appx-web","                var uri = new Windows.Foundation.Uri(filePath.replace('ms-appx-web:', 'ms-appx:'));","                Windows.Storage.StorageFile.getFileFromApplicationUriAsync(uri).done(function (file) {","                    Windows.Storage.FileIO.readTextAsync(file).done(function (code) {","                        var op = popup.invokeScriptAsync(\"eval\", code);","                        op.oncomplete = function(e) {","                            if (hasCallback) {","                                var result = [e.target.result];","                                win(result);","                            }","                        };","                        op.onerror = function () { };","                        op.start();","                    });","                });","            }","        });","    },","","    injectStyleCode: function (win, fail, args) {","        setImmediate(function () {","            var code = args[0],","                hasCallback = args[1];","","            if (isWebViewAvailable && browserWrap && popup) {","                injectCSS(popup, code, hasCallback && win);","            }","        });","    },","","    injectStyleFile: function (win, fail, args) {","        setImmediate(function () {","            var filePath = args[0],","                hasCallback = args[1];","","            filePath = filePath && urlutil.makeAbsolute(filePath);","","            if (isWebViewAvailable && browserWrap && popup) {","                // CB-12364 getFileFromApplicationUriAsync does not support ms-appx-web","                var uri = new Windows.Foundation.Uri(filePath.replace('ms-appx-web:', 'ms-appx:'));","                Windows.Storage.StorageFile.getFileFromApplicationUriAsync(uri).then(function (file) {","                    return Windows.Storage.FileIO.readTextAsync(file);","                }).done(function (code) {","                    injectCSS(popup, code, hasCallback && win);","                }, function () {","                    // no-op, just catch an error","                });","            }","        });","    }","};","","function injectCSS (webView, cssCode, callback) {","    // This will automatically escape all thing that we need (quotes, slashes, etc.)","    var escapedCode = JSON.stringify(cssCode);","    var evalWrapper = \"(function(d){var c=d.createElement('style');c.innerHTML=%s;d.head.appendChild(c);})(document)\"","        .replace('%s', escapedCode);","","    var op = webView.invokeScriptAsync(\"eval\", evalWrapper);","    op.oncomplete = function() {","        if (callback) {","            callback([]);","        }","    };","    op.onerror = function () { };","    op.start();","}","","module.exports = IAB;","","require(\"cordova/exec/proxy\").add(\"InAppBrowser\", module.exports);",""],"l":{"25":2,"28":0,"41":0,"43":1,"44":0,"45":0,"46":0,"49":0,"50":0,"51":0,"53":0,"57":0,"60":0,"63":0,"64":0,"65":0,"66":0,"68":0,"71":0,"72":0,"74":0,"79":0,"80":0,"83":0,"84":0,"87":0,"88":0,"91":0,"92":0,"96":0,"98":0,"99":0,"100":0,"101":0,"104":0,"106":0,"107":0,"108":0,"110":0,"115":0,"116":0,"117":0,"122":0,"123":0,"128":0,"129":0,"134":0,"136":0,"137":0,"138":0,"139":0,"140":0,"143":0,"144":0,"145":0,"146":0,"147":0,"149":0,"151":0,"152":0,"154":0,"155":0,"159":0,"161":0,"162":0,"163":0,"167":0,"169":0,"172":0,"173":0,"176":0,"177":0,"180":0,"182":0,"183":0,"184":0,"186":0,"188":0,"189":0,"190":0,"194":0,"195":0,"196":0,"201":0,"204":0,"205":0,"207":0,"210":0,"211":0,"212":0,"214":0,"217":0,"221":0,"223":0,"224":0,"226":0,"227":0,"228":0,"229":0,"232":0,"233":0,"234":0,"235":0,"238":0,"239":0,"240":0,"241":0,"242":0,"243":0,"246":0,"247":0,"248":0,"249":0,"250":0,"251":0,"254":0,"255":0,"256":0,"257":0,"259":0,"261":0,"262":0,"265":0,"266":0,"267":0,"268":0,"270":0,"272":0,"276":0,"278":0,"279":0,"281":0,"287":0,"288":0,"291":0,"292":0,"293":0,"294":0,"296":0,"297":0,"300":0,"301":0,"307":0,"308":0,"311":0,"312":0,"315":0,"317":0,"318":0,"319":0,"320":0,"321":0,"322":0,"323":0,"324":0,"327":0,"328":0,"336":0,"337":0,"340":0,"341":0,"347":0,"348":0,"351":0,"353":0,"355":0,"356":0,"357":0,"359":0,"368":1,"370":0,"371":0,"374":0,"375":0,"376":0,"377":0,"380":0,"381":0,"384":0,"386":0}},"/home/travis/build/npmtest/node-npmtest-cordova-plugin-inappbrowser/node_modules/cordova-plugin-inappbrowser/www/windows8/InAppBrowserProxy.js":{"path":"/home/travis/build/npmtest/node-npmtest-cordova-plugin-inappbrowser/node_modules/cordova-plugin-inappbrowser/www/windows8/InAppBrowserProxy.js","s":{"1":2,"2":2,"3":0,"4":0,"5":0,"6":0,"7":0,"8":0,"9":0,"10":0,"11":0,"12":0,"13":0,"14":0,"15":0,"16":0,"17":0,"18":0,"19":0,"20":0,"21":0,"22":0,"23":0,"24":0,"25":0,"26":0,"27":0,"28":0,"29":0,"30":0,"31":0,"32":0,"33":0,"34":0,"35":0,"36":0,"37":0,"38":0,"39":0,"40":0,"41":0,"42":0,"43":0,"44":0,"45":0,"46":0,"47":0,"48":2,"49":2},"b":{"1":[0,0],"2":[0,0],"3":[0,0],"4":[0,0],"5":[0,0],"6":[0,0],"7":[0,0],"8":[0,0],"9":[0,0]},"f":{"1":0,"2":0,"3":0,"4":0,"5":0,"6":0,"7":0,"8":0,"9":0,"10":0},"fnMap":{"1":{"name":"(anonymous_1)","line":29,"loc":{"start":{"line":29,"column":11},"end":{"line":29,"column":32}}},"2":{"name":"(anonymous_2)","line":35,"loc":{"start":{"line":35,"column":10},"end":{"line":35,"column":31}}},"3":{"name":"(anonymous_3)","line":41,"loc":{"start":{"line":41,"column":10},"end":{"line":41,"column":31}}},"4":{"name":"(anonymous_4)","line":47,"loc":{"start":{"line":47,"column":10},"end":{"line":47,"column":37}}},"5":{"name":"(anonymous_5)","line":67,"loc":{"start":{"line":67,"column":38},"end":{"line":67,"column":50}}},"6":{"name":"(anonymous_6)","line":68,"loc":{"start":{"line":68,"column":31},"end":{"line":68,"column":43}}},"7":{"name":"(anonymous_7)","line":84,"loc":{"start":{"line":84,"column":50},"end":{"line":84,"column":62}}},"8":{"name":"(anonymous_8)","line":100,"loc":{"start":{"line":100,"column":50},"end":{"line":100,"column":62}}},"9":{"name":"(anonymous_9)","line":117,"loc":{"start":{"line":117,"column":22},"end":{"line":117,"column":43}}},"10":{"name":"(anonymous_10)","line":122,"loc":{"start":{"line":122,"column":22},"end":{"line":122,"column":43}}}},"statementMap":{"1":{"start":{"line":25,"column":0},"end":{"line":25,"column":16}},"2":{"start":{"line":27,"column":0},"end":{"line":125,"column":2}},"3":{"start":{"line":30,"column":8},"end":{"line":33,"column":9}},"4":{"start":{"line":31,"column":12},"end":{"line":31,"column":60}},"5":{"start":{"line":32,"column":12},"end":{"line":32,"column":31}},"6":{"start":{"line":48,"column":8},"end":{"line":51,"column":17}},"7":{"start":{"line":53,"column":8},"end":{"line":111,"column":9}},"8":{"start":{"line":54,"column":12},"end":{"line":54,"column":53}},"9":{"start":{"line":55,"column":12},"end":{"line":55,"column":56}},"10":{"start":{"line":56,"column":15},"end":{"line":111,"column":9}},"11":{"start":{"line":57,"column":12},"end":{"line":74,"column":13}},"12":{"start":{"line":58,"column":16},"end":{"line":58,"column":60}},"13":{"start":{"line":59,"column":16},"end":{"line":59,"column":56}},"14":{"start":{"line":60,"column":16},"end":{"line":60,"column":74}},"15":{"start":{"line":61,"column":16},"end":{"line":61,"column":76}},"16":{"start":{"line":62,"column":16},"end":{"line":62,"column":55}},"17":{"start":{"line":63,"column":16},"end":{"line":63,"column":56}},"18":{"start":{"line":64,"column":16},"end":{"line":64,"column":67}},"19":{"start":{"line":65,"column":16},"end":{"line":65,"column":53}},"20":{"start":{"line":67,"column":16},"end":{"line":71,"column":18}},"21":{"start":{"line":68,"column":20},"end":{"line":70,"column":26}},"22":{"start":{"line":69,"column":24},"end":{"line":69,"column":36}},"23":{"start":{"line":73,"column":16},"end":{"line":73,"column":55}},"24":{"start":{"line":75,"column":12},"end":{"line":75,"column":68}},"25":{"start":{"line":76,"column":12},"end":{"line":106,"column":13}},"26":{"start":{"line":77,"column":16},"end":{"line":77,"column":62}},"27":{"start":{"line":78,"column":16},"end":{"line":78,"column":67}},"28":{"start":{"line":79,"column":16},"end":{"line":79,"column":69}},"29":{"start":{"line":80,"column":16},"end":{"line":80,"column":47}},"30":{"start":{"line":81,"column":16},"end":{"line":81,"column":42}},"31":{"start":{"line":82,"column":16},"end":{"line":82,"column":34}},"32":{"start":{"line":84,"column":16},"end":{"line":89,"column":19}},"33":{"start":{"line":85,"column":20},"end":{"line":88,"column":21}},"34":{"start":{"line":86,"column":24},"end":{"line":86,"column":75}},"35":{"start":{"line":87,"column":24},"end":{"line":87,"column":77}},"36":{"start":{"line":92,"column":16},"end":{"line":92,"column":56}},"37":{"start":{"line":93,"column":16},"end":{"line":93,"column":67}},"38":{"start":{"line":94,"column":16},"end":{"line":94,"column":69}},"39":{"start":{"line":95,"column":16},"end":{"line":95,"column":47}},"40":{"start":{"line":96,"column":16},"end":{"line":96,"column":42}},"41":{"start":{"line":97,"column":16},"end":{"line":97,"column":34}},"42":{"start":{"line":100,"column":16},"end":{"line":105,"column":19}},"43":{"start":{"line":101,"column":20},"end":{"line":104,"column":21}},"44":{"start":{"line":102,"column":24},"end":{"line":102,"column":75}},"45":{"start":{"line":103,"column":24},"end":{"line":103,"column":77}},"46":{"start":{"line":108,"column":12},"end":{"line":108,"column":42}},"47":{"start":{"line":110,"column":12},"end":{"line":110,"column":37}},"48":{"start":{"line":127,"column":0},"end":{"line":127,"column":21}},"49":{"start":{"line":130,"column":0},"end":{"line":130,"column":66}}},"branchMap":{"1":{"line":30,"type":"if","locations":[{"start":{"line":30,"column":8},"end":{"line":30,"column":8}},{"start":{"line":30,"column":8},"end":{"line":30,"column":8}}]},"2":{"line":53,"type":"if","locations":[{"start":{"line":53,"column":8},"end":{"line":53,"column":8}},{"start":{"line":53,"column":8},"end":{"line":53,"column":8}}]},"3":{"line":56,"type":"if","locations":[{"start":{"line":56,"column":15},"end":{"line":56,"column":15}},{"start":{"line":56,"column":15},"end":{"line":56,"column":15}}]},"4":{"line":57,"type":"if","locations":[{"start":{"line":57,"column":12},"end":{"line":57,"column":12}},{"start":{"line":57,"column":12},"end":{"line":57,"column":12}}]},"5":{"line":76,"type":"if","locations":[{"start":{"line":76,"column":12},"end":{"line":76,"column":12}},{"start":{"line":76,"column":12},"end":{"line":76,"column":12}}]},"6":{"line":85,"type":"if","locations":[{"start":{"line":85,"column":20},"end":{"line":85,"column":20}},{"start":{"line":85,"column":20},"end":{"line":85,"column":20}}]},"7":{"line":85,"type":"binary-expr","locations":[{"start":{"line":85,"column":24},"end":{"line":85,"column":35}},{"start":{"line":85,"column":39},"end":{"line":85,"column":43}}]},"8":{"line":101,"type":"if","locations":[{"start":{"line":101,"column":20},"end":{"line":101,"column":20}},{"start":{"line":101,"column":20},"end":{"line":101,"column":20}}]},"9":{"line":101,"type":"binary-expr","locations":[{"start":{"line":101,"column":24},"end":{"line":101,"column":35}},{"start":{"line":101,"column":39},"end":{"line":101,"column":43}}]}},"code":["/*"," *"," * Licensed to the Apache Software Foundation (ASF) under one"," * or more contributor license agreements.  See the NOTICE file"," * distributed with this work for additional information"," * regarding copyright ownership.  The ASF licenses this file"," * to you under the Apache License, Version 2.0 (the"," * \"License\"); you may not use this file except in compliance"," * with the License.  You may obtain a copy of the License at"," *"," *   http://www.apache.org/licenses/LICENSE-2.0"," *"," * Unless required by applicable law or agreed to in writing,"," * software distributed under the License is distributed on an"," * \"AS IS\" BASIS, WITHOUT WARRANTIES OR CONDITIONS OF ANY"," * KIND, either express or implied.  See the License for the"," * specific language governing permissions and limitations"," * under the License."," *"," */","","/*jslint sloppy:true */","/*global Windows:true, require, document, setTimeout, window, module */","","var browserWrap;","","var IAB = {","","    close: function (win, lose) {","        if (browserWrap) {","            browserWrap.parentNode.removeChild(browserWrap);","            browserWrap = null;","        }","    },","    show: function (win, lose) {","        /* empty block, ran out of bacon?","         if (browserWrap) {","","         }*/","    },","    hide: function (win, lose) {","        /* empty block, ran out of bacon?","        if (browserWrap) {","","        }*/","    },","    open: function (win, lose, args) {","        var strUrl = args[0],","            target = args[1],","            url,","            elem;","","        if (target === \"_system\") {","            url = new Windows.Foundation.Uri(strUrl);","            Windows.System.Launcher.launchUriAsync(url);","        } else if (target === \"_blank\") {","            if (!browserWrap) {","                browserWrap = document.createElement(\"div\");","                browserWrap.style.position = \"absolute\";","                browserWrap.style.width = (window.innerWidth - 80) + \"px\";","                browserWrap.style.height = (window.innerHeight - 80) + \"px\";","                browserWrap.style.borderWidth = \"40px\";","                browserWrap.style.borderStyle = \"solid\";","                browserWrap.style.borderColor = \"rgba(0,0,0,0.25)\";","                browserWrap.style.zIndex = \"9999999\";","","                browserWrap.onclick = function () {","                    setTimeout(function () {","                        IAB.close();","                    }, 0);","                };","","                document.body.appendChild(browserWrap);","            }","            var localFile = (strUrl.indexOf('ms-appdata:///') > -1);","            if (localFile) {","                elem = document.createElement(\"x-ms-webview\");","                elem.style.width = (window.innerWidth - 80) + \"px\";","                elem.style.height = (window.innerHeight - 80) + \"px\";","                elem.style.borderWidth = \"0px\";","                elem.name = \"targetFrame\";","                elem.src = strUrl;","","                window.addEventListener(\"resize\", function () {","                    if (browserWrap && elem) {","                        elem.style.width = (window.innerWidth - 80) + \"px\";","                        elem.style.height = (window.innerHeight - 80) + \"px\";","                    }","                });","","            } else {","                elem = document.createElement(\"iframe\");","                elem.style.width = (window.innerWidth - 80) + \"px\";","                elem.style.height = (window.innerHeight - 80) + \"px\";","                elem.style.borderWidth = \"0px\";","                elem.name = \"targetFrame\";","                elem.src = strUrl;","","","                window.addEventListener(\"resize\", function () {","                    if (browserWrap && elem) {","                        elem.style.width = (window.innerWidth - 80) + \"px\";","                        elem.style.height = (window.innerHeight - 80) + \"px\";","                    }","                });","            }","","            browserWrap.appendChild(elem);","        } else {","            window.location = strUrl;","        }","","        //var object = new WinJS.UI.HtmlControl(elem, { uri: strUrl });","","    },","","    injectScriptCode: function (code, bCB) {","","        // \"(function(d) { var c = d.createElement('script'); c.src = %@; d.body.appendChild(c); })(document)\"","    },","","    injectScriptFile: function (file, bCB) {","","    }","};","","module.exports = IAB;","","","require(\"cordova/exec/proxy\").add(\"InAppBrowser\", module.exports);",""],"l":{"25":2,"27":2,"30":0,"31":0,"32":0,"48":0,"53":0,"54":0,"55":0,"56":0,"57":0,"58":0,"59":0,"60":0,"61":0,"62":0,"63":0,"64":0,"65":0,"67":0,"68":0,"69":0,"73":0,"75":0,"76":0,"77":0,"78":0,"79":0,"80":0,"81":0,"82":0,"84":0,"85":0,"86":0,"87":0,"92":0,"93":0,"94":0,"95":0,"96":0,"97":0,"100":0,"101":0,"102":0,"103":0,"108":0,"110":0,"127":2,"130":2}}}